new worker is now running, sending TERM to old workers:3220794
killing old workers
received HUP, spawning a new worker
received SIGTERM, gracefully shutting down
starting new worker 3221270
[INFO] raised RLIMIT_NOFILE to 65536
h2o server (pid:3221270) is ready to serve requests
2025-07-30 03:49:42: (server.c.1939) server started (lighttpd/1.4.74)
new worker is now running, sending TERM to old workers:3220794,3221190
killing old workers
received SIGTERM, gracefully shutting down
old worker 3220794 died, status:0
old worker 3221190 died, status:0
:::Lighttpd Wed Jul 30 03:49:44 AM EDT 2025:::
:::h2o Wed Jul 30 03:49:47 AM EDT 2025:::
:::Apache2 Wed Jul 30 03:49:50 AM EDT 2025:::
:::Lighttpd Wed Jul 30 03:49:53 AM EDT 2025:::
:::h2o Wed Jul 30 03:49:56 AM EDT 2025:::
:::Apache2 Wed Jul 30 03:49:59 AM EDT 2025:::
:::Lighttpd Wed Jul 30 03:50:03 AM EDT 2025:::
:::h2o Wed Jul 30 03:50:06 AM EDT 2025:::
:::Apache2 Wed Jul 30 03:50:09 AM EDT 2025:::
:::Lighttpd Wed Jul 30 03:50:12 AM EDT 2025:::
:::h2o Wed Jul 30 03:50:15 AM EDT 2025:::
:::Apache2 Wed Jul 30 03:50:18 AM EDT 2025:::
:::Lighttpd Wed Jul 30 03:50:21 AM EDT 2025:::
:::h2o Wed Jul 30 03:50:24 AM EDT 2025:::
:::Apache2 Wed Jul 30 03:50:27 AM EDT 2025:::
:::Lighttpd Wed Jul 30 03:50:30 AM EDT 2025:::
:::h2o Wed Jul 30 03:50:33 AM EDT 2025:::
:::Apache2 Wed Jul 30 03:50:36 AM EDT 2025:::
:::Lighttpd Wed Jul 30 03:50:39 AM EDT 2025:::
:::h2o Wed Jul 30 03:50:42 AM EDT 2025:::
:::Apache2 Wed Jul 30 03:50:45 AM EDT 2025:::
:::Lighttpd Wed Jul 30 03:50:48 AM EDT 2025:::
:::h2o Wed Jul 30 03:50:51 AM EDT 2025:::
:::Apache2 Wed Jul 30 03:50:54 AM EDT 2025:::
:::Lighttpd Wed Jul 30 03:50:57 AM EDT 2025:::
:::h2o Wed Jul 30 03:51:00 AM EDT 2025:::
:::Apache2 Wed Jul 30 03:51:03 AM EDT 2025:::
:::Lighttpd Wed Jul 30 03:51:06 AM EDT 2025:::
:::h2o Wed Jul 30 03:51:09 AM EDT 2025:::
:::Apache2 Wed Jul 30 03:51:12 AM EDT 2025:::
:::Lighttpd Wed Jul 30 03:51:16 AM EDT 2025:::
:::h2o Wed Jul 30 03:51:19 AM EDT 2025:::
:::Apache2 Wed Jul 30 03:51:22 AM EDT 2025:::
:::Lighttpd Wed Jul 30 03:51:25 AM EDT 2025:::
:::h2o Wed Jul 30 03:51:28 AM EDT 2025:::
:::Apache2 Wed Jul 30 03:51:31 AM EDT 2025:::
:::Lighttpd Wed Jul 30 03:51:34 AM EDT 2025:::
:::h2o Wed Jul 30 03:51:37 AM EDT 2025:::
:::Apache2 Wed Jul 30 03:51:40 AM EDT 2025:::
:::Lighttpd Wed Jul 30 03:51:43 AM EDT 2025:::
:::h2o Wed Jul 30 03:51:46 AM EDT 2025:::
:::Apache2 Wed Jul 30 03:51:49 AM EDT 2025:::
:::Lighttpd Wed Jul 30 03:51:52 AM EDT 2025:::
:::h2o Wed Jul 30 03:51:55 AM EDT 2025:::
:::Apache2 Wed Jul 30 03:51:58 AM EDT 2025:::
:::Lighttpd Wed Jul 30 03:52:01 AM EDT 2025:::
:::h2o Wed Jul 30 03:52:04 AM EDT 2025:::
:::Apache2 Wed Jul 30 03:52:07 AM EDT 2025:::
:::Lighttpd Wed Jul 30 03:52:10 AM EDT 2025:::
:::h2o Wed Jul 30 03:52:13 AM EDT 2025:::
:::Apache2 Wed Jul 30 03:52:16 AM EDT 2025:::
:::Lighttpd Wed Jul 30 03:52:19 AM EDT 2025:::
:::h2o Wed Jul 30 03:52:22 AM EDT 2025:::
:::Apache2 Wed Jul 30 03:52:25 AM EDT 2025:::
:::Lighttpd Wed Jul 30 03:52:28 AM EDT 2025:::
:::h2o Wed Jul 30 03:52:31 AM EDT 2025:::
:::Apache2 Wed Jul 30 03:52:35 AM EDT 2025:::
:::Lighttpd Wed Jul 30 03:52:38 AM EDT 2025:::
:::h2o Wed Jul 30 03:52:41 AM EDT 2025:::
:::Apache2 Wed Jul 30 03:52:44 AM EDT 2025:::
:::Lighttpd Wed Jul 30 03:52:47 AM EDT 2025:::
:::h2o Wed Jul 30 03:52:50 AM EDT 2025:::
:::Apache2 Wed Jul 30 03:52:53 AM EDT 2025:::
:::Lighttpd Wed Jul 30 03:52:56 AM EDT 2025:::
:::h2o Wed Jul 30 03:52:59 AM EDT 2025:::
:::Apache2 Wed Jul 30 03:53:02 AM EDT 2025:::
:::Lighttpd Wed Jul 30 03:53:05 AM EDT 2025:::
:::h2o Wed Jul 30 03:53:08 AM EDT 2025:::
:::Apache2 Wed Jul 30 03:53:11 AM EDT 2025:::
:::Lighttpd Wed Jul 30 03:53:14 AM EDT 2025:::
:::h2o Wed Jul 30 03:53:17 AM EDT 2025:::
:::Apache2 Wed Jul 30 03:53:20 AM EDT 2025:::
:::Lighttpd Wed Jul 30 03:53:23 AM EDT 2025:::
:::h2o Wed Jul 30 03:53:26 AM EDT 2025:::
:::Apache2 Wed Jul 30 03:53:29 AM EDT 2025:::
:::Lighttpd Wed Jul 30 03:53:32 AM EDT 2025:::
:::h2o Wed Jul 30 03:53:35 AM EDT 2025:::
:::Apache2 Wed Jul 30 03:53:38 AM EDT 2025:::
:::Lighttpd Wed Jul 30 03:53:42 AM EDT 2025:::
:::h2o Wed Jul 30 03:53:45 AM EDT 2025:::
:::Apache2 Wed Jul 30 03:53:48 AM EDT 2025:::
:::Lighttpd Wed Jul 30 03:53:51 AM EDT 2025:::
:::h2o Wed Jul 30 03:53:54 AM EDT 2025:::
:::Apache2 Wed Jul 30 03:53:57 AM EDT 2025:::
:::Lighttpd Wed Jul 30 03:54:00 AM EDT 2025:::
:::h2o Wed Jul 30 03:54:03 AM EDT 2025:::
:::Apache2 Wed Jul 30 03:54:06 AM EDT 2025:::
:::Lighttpd Wed Jul 30 03:54:09 AM EDT 2025:::
:::h2o Wed Jul 30 03:54:12 AM EDT 2025:::
:::Apache2 Wed Jul 30 03:54:15 AM EDT 2025:::
:::Lighttpd Wed Jul 30 03:54:18 AM EDT 2025:::
:::h2o Wed Jul 30 03:54:21 AM EDT 2025:::
:::Apache2 Wed Jul 30 03:54:24 AM EDT 2025:::
:::Lighttpd Wed Jul 30 03:54:27 AM EDT 2025:::
:::h2o Wed Jul 30 03:54:30 AM EDT 2025:::
:::Apache2 Wed Jul 30 03:54:33 AM EDT 2025:::
:::Lighttpd Wed Jul 30 03:54:36 AM EDT 2025:::
:::h2o Wed Jul 30 03:54:39 AM EDT 2025:::
:::Apache2 Wed Jul 30 03:54:42 AM EDT 2025:::
:::Lighttpd Wed Jul 30 03:54:45 AM EDT 2025:::
:::h2o Wed Jul 30 03:54:48 AM EDT 2025:::
:::Apache2 Wed Jul 30 03:54:51 AM EDT 2025:::
:::Lighttpd Wed Jul 30 03:54:55 AM EDT 2025:::
:::h2o Wed Jul 30 03:54:58 AM EDT 2025:::
:::Apache2 Wed Jul 30 03:55:01 AM EDT 2025:::
:::Lighttpd Wed Jul 30 03:55:04 AM EDT 2025:::
:::h2o Wed Jul 30 03:55:07 AM EDT 2025:::
:::Apache2 Wed Jul 30 03:55:10 AM EDT 2025:::
:::Lighttpd Wed Jul 30 03:55:13 AM EDT 2025:::
:::h2o Wed Jul 30 03:55:16 AM EDT 2025:::
:::Apache2 Wed Jul 30 03:55:19 AM EDT 2025:::
:::Lighttpd Wed Jul 30 03:55:22 AM EDT 2025:::
:::h2o Wed Jul 30 03:55:25 AM EDT 2025:::
:::Apache2 Wed Jul 30 03:55:28 AM EDT 2025:::
:::Lighttpd Wed Jul 30 03:55:31 AM EDT 2025:::
:::h2o Wed Jul 30 03:55:34 AM EDT 2025:::
:::Apache2 Wed Jul 30 03:55:37 AM EDT 2025:::
:::Lighttpd Wed Jul 30 03:55:40 AM EDT 2025:::
:::h2o Wed Jul 30 03:55:43 AM EDT 2025:::
:::Apache2 Wed Jul 30 03:55:46 AM EDT 2025:::
:::Lighttpd Wed Jul 30 03:55:49 AM EDT 2025:::
:::h2o Wed Jul 30 03:55:52 AM EDT 2025:::
:::Apache2 Wed Jul 30 03:55:55 AM EDT 2025:::
:::Lighttpd Wed Jul 30 03:55:58 AM EDT 2025:::
:::h2o Wed Jul 30 03:56:01 AM EDT 2025:::
:::Apache2 Wed Jul 30 03:56:04 AM EDT 2025:::
:::Lighttpd Wed Jul 30 03:56:08 AM EDT 2025:::
:::h2o Wed Jul 30 03:56:11 AM EDT 2025:::
:::Apache2 Wed Jul 30 03:56:14 AM EDT 2025:::
:::Lighttpd Wed Jul 30 03:56:17 AM EDT 2025:::
:::h2o Wed Jul 30 03:56:20 AM EDT 2025:::
:::Apache2 Wed Jul 30 03:56:23 AM EDT 2025:::
:::Lighttpd Wed Jul 30 03:56:26 AM EDT 2025:::
:::h2o Wed Jul 30 03:56:29 AM EDT 2025:::
:::Apache2 Wed Jul 30 03:56:32 AM EDT 2025:::
:::Lighttpd Wed Jul 30 03:56:35 AM EDT 2025:::
:::h2o Wed Jul 30 03:56:38 AM EDT 2025:::
:::Apache2 Wed Jul 30 03:56:41 AM EDT 2025:::
:::Lighttpd Wed Jul 30 03:56:44 AM EDT 2025:::
:::h2o Wed Jul 30 03:56:47 AM EDT 2025:::
:::Apache2 Wed Jul 30 03:56:50 AM EDT 2025:::
:::Lighttpd Wed Jul 30 03:56:53 AM EDT 2025:::
:::h2o Wed Jul 30 03:56:56 AM EDT 2025:::
:::Apache2 Wed Jul 30 03:56:59 AM EDT 2025:::
:::Lighttpd Wed Jul 30 03:57:02 AM EDT 2025:::
:::h2o Wed Jul 30 03:57:05 AM EDT 2025:::
:::Apache2 Wed Jul 30 03:57:08 AM EDT 2025:::
:::Lighttpd Wed Jul 30 03:57:11 AM EDT 2025:::
:::h2o Wed Jul 30 03:57:14 AM EDT 2025:::
:::Apache2 Wed Jul 30 03:57:17 AM EDT 2025:::
:::Lighttpd Wed Jul 30 03:57:21 AM EDT 2025:::
:::h2o Wed Jul 30 03:57:24 AM EDT 2025:::
:::Apache2 Wed Jul 30 03:57:27 AM EDT 2025:::
:::Lighttpd Wed Jul 30 03:57:30 AM EDT 2025:::
:::h2o Wed Jul 30 03:57:33 AM EDT 2025:::
:::Apache2 Wed Jul 30 03:57:36 AM EDT 2025:::
:::Lighttpd Wed Jul 30 03:57:39 AM EDT 2025:::
:::h2o Wed Jul 30 03:57:42 AM EDT 2025:::
:::Apache2 Wed Jul 30 03:57:45 AM EDT 2025:::
:::Lighttpd Wed Jul 30 03:57:48 AM EDT 2025:::
:::h2o Wed Jul 30 03:57:51 AM EDT 2025:::
:::Apache2 Wed Jul 30 03:57:54 AM EDT 2025:::
:::Lighttpd Wed Jul 30 03:57:57 AM EDT 2025:::
:::h2o Wed Jul 30 03:58:00 AM EDT 2025:::
:::Apache2 Wed Jul 30 03:58:03 AM EDT 2025:::
:::Lighttpd Wed Jul 30 03:58:06 AM EDT 2025:::
:::h2o Wed Jul 30 03:58:09 AM EDT 2025:::
:::Apache2 Wed Jul 30 03:58:12 AM EDT 2025:::
:::Lighttpd Wed Jul 30 03:58:15 AM EDT 2025:::
:::h2o Wed Jul 30 03:58:18 AM EDT 2025:::
:::Apache2 Wed Jul 30 03:58:21 AM EDT 2025:::
:::Lighttpd Wed Jul 30 03:58:24 AM EDT 2025:::
:::h2o Wed Jul 30 03:58:27 AM EDT 2025:::
:::Apache2 Wed Jul 30 03:58:30 AM EDT 2025:::
:::Lighttpd Wed Jul 30 03:58:34 AM EDT 2025:::
:::h2o Wed Jul 30 03:58:37 AM EDT 2025:::
:::Apache2 Wed Jul 30 03:58:40 AM EDT 2025:::
:::Lighttpd Wed Jul 30 03:58:43 AM EDT 2025:::
:::h2o Wed Jul 30 03:58:46 AM EDT 2025:::
:::Apache2 Wed Jul 30 03:58:49 AM EDT 2025:::
:::Lighttpd Wed Jul 30 03:58:52 AM EDT 2025:::
:::h2o Wed Jul 30 03:58:55 AM EDT 2025:::
:::Apache2 Wed Jul 30 03:58:58 AM EDT 2025:::
:::Lighttpd Wed Jul 30 03:59:01 AM EDT 2025:::
:::h2o Wed Jul 30 03:59:04 AM EDT 2025:::
:::Apache2 Wed Jul 30 03:59:07 AM EDT 2025:::
:::Lighttpd Wed Jul 30 03:59:10 AM EDT 2025:::
:::h2o Wed Jul 30 03:59:13 AM EDT 2025:::
:::Apache2 Wed Jul 30 03:59:16 AM EDT 2025:::
:::Lighttpd Wed Jul 30 03:59:19 AM EDT 2025:::
:::h2o Wed Jul 30 03:59:22 AM EDT 2025:::
:::Apache2 Wed Jul 30 03:59:25 AM EDT 2025:::
:::Lighttpd Wed Jul 30 03:59:28 AM EDT 2025:::
:::h2o Wed Jul 30 03:59:31 AM EDT 2025:::
:::Apache2 Wed Jul 30 03:59:34 AM EDT 2025:::
:::Lighttpd Wed Jul 30 03:59:37 AM EDT 2025:::
:::h2o Wed Jul 30 03:59:40 AM EDT 2025:::
:::Apache2 Wed Jul 30 03:59:43 AM EDT 2025:::
:::Lighttpd Wed Jul 30 03:59:47 AM EDT 2025:::
:::h2o Wed Jul 30 03:59:50 AM EDT 2025:::
:::Apache2 Wed Jul 30 03:59:53 AM EDT 2025:::
:::Lighttpd Wed Jul 30 03:59:56 AM EDT 2025:::
:::h2o Wed Jul 30 03:59:59 AM EDT 2025:::
:::Apache2 Wed Jul 30 04:00:02 AM EDT 2025:::
:::Lighttpd Wed Jul 30 04:00:05 AM EDT 2025:::
:::h2o Wed Jul 30 04:00:08 AM EDT 2025:::
:::Apache2 Wed Jul 30 04:00:11 AM EDT 2025:::
:::Lighttpd Wed Jul 30 04:00:14 AM EDT 2025:::
:::h2o Wed Jul 30 04:00:17 AM EDT 2025:::
:::Apache2 Wed Jul 30 04:00:20 AM EDT 2025:::
:::Lighttpd Wed Jul 30 04:00:23 AM EDT 2025:::
:::h2o Wed Jul 30 04:00:26 AM EDT 2025:::
:::Apache2 Wed Jul 30 04:00:29 AM EDT 2025:::
:::Lighttpd Wed Jul 30 04:00:32 AM EDT 2025:::
:::h2o Wed Jul 30 04:00:35 AM EDT 2025:::
:::Apache2 Wed Jul 30 04:00:38 AM EDT 2025:::
:::Lighttpd Wed Jul 30 04:00:41 AM EDT 2025:::
:::h2o Wed Jul 30 04:00:44 AM EDT 2025:::
:::Apache2 Wed Jul 30 04:00:47 AM EDT 2025:::
:::Lighttpd Wed Jul 30 04:00:50 AM EDT 2025:::
:::h2o Wed Jul 30 04:00:53 AM EDT 2025:::
:::Apache2 Wed Jul 30 04:00:56 AM EDT 2025:::
:::Lighttpd Wed Jul 30 04:01:00 AM EDT 2025:::
:::h2o Wed Jul 30 04:01:03 AM EDT 2025:::
:::Apache2 Wed Jul 30 04:01:06 AM EDT 2025:::
:::Lighttpd Wed Jul 30 04:01:09 AM EDT 2025:::
:::h2o Wed Jul 30 04:01:12 AM EDT 2025:::
:::Apache2 Wed Jul 30 04:01:15 AM EDT 2025:::
:::Lighttpd Wed Jul 30 04:01:18 AM EDT 2025:::
:::h2o Wed Jul 30 04:01:21 AM EDT 2025:::
:::Apache2 Wed Jul 30 04:01:24 AM EDT 2025:::
:::Lighttpd Wed Jul 30 04:01:27 AM EDT 2025:::
:::h2o Wed Jul 30 04:01:30 AM EDT 2025:::
:::Apache2 Wed Jul 30 04:01:33 AM EDT 2025:::
:::Lighttpd Wed Jul 30 04:01:36 AM EDT 2025:::
:::h2o Wed Jul 30 04:01:39 AM EDT 2025:::
:::Apache2 Wed Jul 30 04:01:42 AM EDT 2025:::
:::Lighttpd Wed Jul 30 04:01:45 AM EDT 2025:::
:::h2o Wed Jul 30 04:01:48 AM EDT 2025:::
:::Apache2 Wed Jul 30 04:01:51 AM EDT 2025:::
:::Lighttpd Wed Jul 30 04:01:54 AM EDT 2025:::
:::h2o Wed Jul 30 04:01:57 AM EDT 2025:::
:::Apache2 Wed Jul 30 04:02:00 AM EDT 2025:::
:::Lighttpd Wed Jul 30 04:02:03 AM EDT 2025:::
:::h2o Wed Jul 30 04:02:06 AM EDT 2025:::
:::Apache2 Wed Jul 30 04:02:09 AM EDT 2025:::
:::Lighttpd Wed Jul 30 04:02:12 AM EDT 2025:::
:::h2o Wed Jul 30 04:02:16 AM EDT 2025:::
:::Apache2 Wed Jul 30 04:02:19 AM EDT 2025:::
:::Lighttpd Wed Jul 30 04:02:22 AM EDT 2025:::
:::h2o Wed Jul 30 04:02:25 AM EDT 2025:::
:::Apache2 Wed Jul 30 04:02:28 AM EDT 2025:::
:::Lighttpd Wed Jul 30 04:02:31 AM EDT 2025:::
:::h2o Wed Jul 30 04:02:34 AM EDT 2025:::
:::Apache2 Wed Jul 30 04:02:37 AM EDT 2025:::
:::Lighttpd Wed Jul 30 04:02:40 AM EDT 2025:::
:::h2o Wed Jul 30 04:02:43 AM EDT 2025:::
:::Apache2 Wed Jul 30 04:02:46 AM EDT 2025:::
:::Lighttpd Wed Jul 30 04:02:49 AM EDT 2025:::
:::h2o Wed Jul 30 04:02:52 AM EDT 2025:::
:::Apache2 Wed Jul 30 04:02:55 AM EDT 2025:::
:::Lighttpd Wed Jul 30 04:02:58 AM EDT 2025:::
:::h2o Wed Jul 30 04:03:01 AM EDT 2025:::
:::Apache2 Wed Jul 30 04:03:04 AM EDT 2025:::
:::Lighttpd Wed Jul 30 04:03:07 AM EDT 2025:::
:::h2o Wed Jul 30 04:03:10 AM EDT 2025:::
:::Apache2 Wed Jul 30 04:03:13 AM EDT 2025:::
:::Lighttpd Wed Jul 30 04:03:16 AM EDT 2025:::
:::h2o Wed Jul 30 04:03:19 AM EDT 2025:::
:::Apache2 Wed Jul 30 04:03:22 AM EDT 2025:::
:::Lighttpd Wed Jul 30 04:03:26 AM EDT 2025:::
:::h2o Wed Jul 30 04:03:29 AM EDT 2025:::
:::Apache2 Wed Jul 30 04:03:32 AM EDT 2025:::
:::Lighttpd Wed Jul 30 04:03:35 AM EDT 2025:::
:::h2o Wed Jul 30 04:03:38 AM EDT 2025:::
:::Apache2 Wed Jul 30 04:03:41 AM EDT 2025:::
:::Lighttpd Wed Jul 30 04:03:44 AM EDT 2025:::
:::h2o Wed Jul 30 04:03:47 AM EDT 2025:::
:::Apache2 Wed Jul 30 04:03:50 AM EDT 2025:::
:::Lighttpd Wed Jul 30 04:03:53 AM EDT 2025:::
:::h2o Wed Jul 30 04:03:56 AM EDT 2025:::
:::Apache2 Wed Jul 30 04:03:59 AM EDT 2025:::
:::Lighttpd Wed Jul 30 04:04:02 AM EDT 2025:::
:::h2o Wed Jul 30 04:04:05 AM EDT 2025:::
:::Apache2 Wed Jul 30 04:04:08 AM EDT 2025:::
:::Lighttpd Wed Jul 30 04:04:11 AM EDT 2025:::
:::h2o Wed Jul 30 04:04:14 AM EDT 2025:::
:::Apache2 Wed Jul 30 04:04:17 AM EDT 2025:::
:::Lighttpd Wed Jul 30 04:04:20 AM EDT 2025:::
:::h2o Wed Jul 30 04:04:23 AM EDT 2025:::
:::Apache2 Wed Jul 30 04:04:26 AM EDT 2025:::
:::Lighttpd Wed Jul 30 04:04:29 AM EDT 2025:::
:::h2o Wed Jul 30 04:04:32 AM EDT 2025:::
:::Apache2 Wed Jul 30 04:04:35 AM EDT 2025:::
:::Lighttpd Wed Jul 30 04:04:39 AM EDT 2025:::
:::h2o Wed Jul 30 04:04:42 AM EDT 2025:::
:::Apache2 Wed Jul 30 04:04:45 AM EDT 2025:::
:::Lighttpd Wed Jul 30 04:04:48 AM EDT 2025:::
:::h2o Wed Jul 30 04:04:51 AM EDT 2025:::
:::Apache2 Wed Jul 30 04:04:54 AM EDT 2025:::
:::Lighttpd Wed Jul 30 04:04:57 AM EDT 2025:::
:::h2o Wed Jul 30 04:05:00 AM EDT 2025:::
:::Apache2 Wed Jul 30 04:05:03 AM EDT 2025:::
:::Lighttpd Wed Jul 30 04:05:06 AM EDT 2025:::
:::h2o Wed Jul 30 04:05:09 AM EDT 2025:::
:::Apache2 Wed Jul 30 04:05:12 AM EDT 2025:::
:::Lighttpd Wed Jul 30 04:05:15 AM EDT 2025:::
:::h2o Wed Jul 30 04:05:18 AM EDT 2025:::
:::Apache2 Wed Jul 30 04:05:21 AM EDT 2025:::
:::Lighttpd Wed Jul 30 04:05:24 AM EDT 2025:::
:::h2o Wed Jul 30 04:05:27 AM EDT 2025:::
:::Apache2 Wed Jul 30 04:05:30 AM EDT 2025:::
:::Lighttpd Wed Jul 30 04:05:33 AM EDT 2025:::
:::h2o Wed Jul 30 04:05:36 AM EDT 2025:::
:::Apache2 Wed Jul 30 04:05:39 AM EDT 2025:::
:::Lighttpd Wed Jul 30 04:05:42 AM EDT 2025:::
:::h2o Wed Jul 30 04:05:45 AM EDT 2025:::
:::Apache2 Wed Jul 30 04:05:49 AM EDT 2025:::
:::Lighttpd Wed Jul 30 04:05:52 AM EDT 2025:::
:::h2o Wed Jul 30 04:05:55 AM EDT 2025:::
:::Apache2 Wed Jul 30 04:05:58 AM EDT 2025:::
:::Lighttpd Wed Jul 30 04:06:01 AM EDT 2025:::
:::h2o Wed Jul 30 04:06:04 AM EDT 2025:::
:::Apache2 Wed Jul 30 04:06:07 AM EDT 2025:::
:::Lighttpd Wed Jul 30 04:06:10 AM EDT 2025:::
:::h2o Wed Jul 30 04:06:13 AM EDT 2025:::
:::Apache2 Wed Jul 30 04:06:16 AM EDT 2025:::
:::Lighttpd Wed Jul 30 04:06:19 AM EDT 2025:::
:::h2o Wed Jul 30 04:06:22 AM EDT 2025:::
:::Apache2 Wed Jul 30 04:06:25 AM EDT 2025:::
:::Lighttpd Wed Jul 30 04:06:28 AM EDT 2025:::
:::h2o Wed Jul 30 04:06:31 AM EDT 2025:::
:::Apache2 Wed Jul 30 04:06:34 AM EDT 2025:::
:::Lighttpd Wed Jul 30 04:06:37 AM EDT 2025:::
:::h2o Wed Jul 30 04:06:40 AM EDT 2025:::
:::Apache2 Wed Jul 30 04:06:43 AM EDT 2025:::
:::Lighttpd Wed Jul 30 04:06:46 AM EDT 2025:::
:::h2o Wed Jul 30 04:06:49 AM EDT 2025:::
:::Apache2 Wed Jul 30 04:06:52 AM EDT 2025:::
:::Lighttpd Wed Jul 30 04:06:55 AM EDT 2025:::
:::h2o Wed Jul 30 04:06:58 AM EDT 2025:::
:::Apache2 Wed Jul 30 04:07:02 AM EDT 2025:::
:::Lighttpd Wed Jul 30 04:07:05 AM EDT 2025:::
:::h2o Wed Jul 30 04:07:08 AM EDT 2025:::
:::Apache2 Wed Jul 30 04:07:11 AM EDT 2025:::
:::Lighttpd Wed Jul 30 04:07:14 AM EDT 2025:::
:::h2o Wed Jul 30 04:07:17 AM EDT 2025:::
:::Apache2 Wed Jul 30 04:07:20 AM EDT 2025:::
:::Lighttpd Wed Jul 30 04:07:23 AM EDT 2025:::
:::h2o Wed Jul 30 04:07:26 AM EDT 2025:::
:::Apache2 Wed Jul 30 04:07:29 AM EDT 2025:::
:::Lighttpd Wed Jul 30 04:07:32 AM EDT 2025:::
:::h2o Wed Jul 30 04:07:35 AM EDT 2025:::
:::Apache2 Wed Jul 30 04:07:38 AM EDT 2025:::
:::Lighttpd Wed Jul 30 04:07:41 AM EDT 2025:::
:::h2o Wed Jul 30 04:07:44 AM EDT 2025:::
:::Apache2 Wed Jul 30 04:07:47 AM EDT 2025:::
:::Lighttpd Wed Jul 30 04:07:50 AM EDT 2025:::
:::h2o Wed Jul 30 04:07:53 AM EDT 2025:::
:::Apache2 Wed Jul 30 04:07:56 AM EDT 2025:::
:::Lighttpd Wed Jul 30 04:07:59 AM EDT 2025:::
:::h2o Wed Jul 30 04:08:02 AM EDT 2025:::
:::Apache2 Wed Jul 30 04:08:05 AM EDT 2025:::
:::Lighttpd Wed Jul 30 04:08:08 AM EDT 2025:::
:::h2o Wed Jul 30 04:08:11 AM EDT 2025:::
:::Apache2 Wed Jul 30 04:08:14 AM EDT 2025:::
:::Lighttpd Wed Jul 30 04:08:18 AM EDT 2025:::
:::h2o Wed Jul 30 04:08:21 AM EDT 2025:::
:::Apache2 Wed Jul 30 04:08:24 AM EDT 2025:::
:::Lighttpd Wed Jul 30 04:08:27 AM EDT 2025:::
:::h2o Wed Jul 30 04:08:30 AM EDT 2025:::
:::Apache2 Wed Jul 30 04:08:33 AM EDT 2025:::
:::Lighttpd Wed Jul 30 04:08:36 AM EDT 2025:::
:::h2o Wed Jul 30 04:08:39 AM EDT 2025:::
:::Apache2 Wed Jul 30 04:08:42 AM EDT 2025:::
:::Lighttpd Wed Jul 30 04:08:45 AM EDT 2025:::
:::h2o Wed Jul 30 04:08:48 AM EDT 2025:::
:::Apache2 Wed Jul 30 04:08:51 AM EDT 2025:::
:::Lighttpd Wed Jul 30 04:08:54 AM EDT 2025:::
:::h2o Wed Jul 30 04:08:57 AM EDT 2025:::
:::Apache2 Wed Jul 30 04:09:00 AM EDT 2025:::
:::Lighttpd Wed Jul 30 04:09:03 AM EDT 2025:::
:::h2o Wed Jul 30 04:09:06 AM EDT 2025:::
:::Apache2 Wed Jul 30 04:09:09 AM EDT 2025:::
:::Lighttpd Wed Jul 30 04:09:12 AM EDT 2025:::
:::h2o Wed Jul 30 04:09:15 AM EDT 2025:::
:::Apache2 Wed Jul 30 04:09:18 AM EDT 2025:::
:::Lighttpd Wed Jul 30 04:09:21 AM EDT 2025:::
:::h2o Wed Jul 30 04:09:24 AM EDT 2025:::
:::Apache2 Wed Jul 30 04:09:28 AM EDT 2025:::
:::Lighttpd Wed Jul 30 04:09:31 AM EDT 2025:::
:::h2o Wed Jul 30 04:09:34 AM EDT 2025:::
:::Apache2 Wed Jul 30 04:09:37 AM EDT 2025:::
:::Lighttpd Wed Jul 30 04:09:40 AM EDT 2025:::
:::h2o Wed Jul 30 04:09:43 AM EDT 2025:::
:::Apache2 Wed Jul 30 04:09:46 AM EDT 2025:::
:::Lighttpd Wed Jul 30 04:09:49 AM EDT 2025:::
:::h2o Wed Jul 30 04:09:52 AM EDT 2025:::
:::Apache2 Wed Jul 30 04:09:55 AM EDT 2025:::
:::Lighttpd Wed Jul 30 04:09:58 AM EDT 2025:::
:::h2o Wed Jul 30 04:10:01 AM EDT 2025:::
:::Apache2 Wed Jul 30 04:10:04 AM EDT 2025:::
:::Lighttpd Wed Jul 30 04:10:07 AM EDT 2025:::
:::h2o Wed Jul 30 04:10:10 AM EDT 2025:::
:::Apache2 Wed Jul 30 04:10:13 AM EDT 2025:::
:::Lighttpd Wed Jul 30 04:10:16 AM EDT 2025:::
:::h2o Wed Jul 30 04:10:19 AM EDT 2025:::
:::Apache2 Wed Jul 30 04:10:22 AM EDT 2025:::
:::Lighttpd Wed Jul 30 04:10:25 AM EDT 2025:::
:::h2o Wed Jul 30 04:10:28 AM EDT 2025:::
:::Apache2 Wed Jul 30 04:10:31 AM EDT 2025:::
:::Lighttpd Wed Jul 30 04:10:34 AM EDT 2025:::
:::h2o Wed Jul 30 04:10:37 AM EDT 2025:::
:::Apache2 Wed Jul 30 04:10:41 AM EDT 2025:::
:::Lighttpd Wed Jul 30 04:10:44 AM EDT 2025:::
:::h2o Wed Jul 30 04:10:47 AM EDT 2025:::
:::Apache2 Wed Jul 30 04:10:50 AM EDT 2025:::
:::Lighttpd Wed Jul 30 04:10:53 AM EDT 2025:::
:::h2o Wed Jul 30 04:10:56 AM EDT 2025:::
:::Apache2 Wed Jul 30 04:10:59 AM EDT 2025:::
:::Lighttpd Wed Jul 30 04:11:02 AM EDT 2025:::
:::h2o Wed Jul 30 04:11:05 AM EDT 2025:::
:::Apache2 Wed Jul 30 04:11:08 AM EDT 2025:::
:::Lighttpd Wed Jul 30 04:11:11 AM EDT 2025:::
:::h2o Wed Jul 30 04:11:14 AM EDT 2025:::
:::Apache2 Wed Jul 30 04:11:17 AM EDT 2025:::
:::Lighttpd Wed Jul 30 04:11:20 AM EDT 2025:::
:::h2o Wed Jul 30 04:11:23 AM EDT 2025:::
:::Apache2 Wed Jul 30 04:11:26 AM EDT 2025:::
:::Lighttpd Wed Jul 30 04:11:29 AM EDT 2025:::
:::h2o Wed Jul 30 04:11:32 AM EDT 2025:::
:::Apache2 Wed Jul 30 04:11:35 AM EDT 2025:::
:::Lighttpd Wed Jul 30 04:11:38 AM EDT 2025:::
:::h2o Wed Jul 30 04:11:41 AM EDT 2025:::
:::Apache2 Wed Jul 30 04:11:44 AM EDT 2025:::
:::Lighttpd Wed Jul 30 04:11:47 AM EDT 2025:::
:::h2o Wed Jul 30 04:11:50 AM EDT 2025:::
:::Apache2 Wed Jul 30 04:11:53 AM EDT 2025:::
:::Lighttpd Wed Jul 30 04:11:57 AM EDT 2025:::
:::h2o Wed Jul 30 04:12:00 AM EDT 2025:::
:::Apache2 Wed Jul 30 04:12:03 AM EDT 2025:::
:::Lighttpd Wed Jul 30 04:12:06 AM EDT 2025:::
:::h2o Wed Jul 30 04:12:09 AM EDT 2025:::
:::Apache2 Wed Jul 30 04:12:12 AM EDT 2025:::
:::Lighttpd Wed Jul 30 04:12:15 AM EDT 2025:::
:::h2o Wed Jul 30 04:12:18 AM EDT 2025:::
:::Apache2 Wed Jul 30 04:12:21 AM EDT 2025:::
:::Lighttpd Wed Jul 30 04:12:24 AM EDT 2025:::
:::h2o Wed Jul 30 04:12:27 AM EDT 2025:::
:::Apache2 Wed Jul 30 04:12:30 AM EDT 2025:::
:::Lighttpd Wed Jul 30 04:12:33 AM EDT 2025:::
:::h2o Wed Jul 30 04:12:36 AM EDT 2025:::
:::Apache2 Wed Jul 30 04:12:39 AM EDT 2025:::
:::Lighttpd Wed Jul 30 04:12:42 AM EDT 2025:::
:::h2o Wed Jul 30 04:12:45 AM EDT 2025:::
:::Apache2 Wed Jul 30 04:12:48 AM EDT 2025:::
:::Lighttpd Wed Jul 30 04:12:51 AM EDT 2025:::
:::h2o Wed Jul 30 04:12:54 AM EDT 2025:::
:::Apache2 Wed Jul 30 04:12:57 AM EDT 2025:::
:::Lighttpd Wed Jul 30 04:13:00 AM EDT 2025:::
:::h2o Wed Jul 30 04:13:03 AM EDT 2025:::
:::Apache2 Wed Jul 30 04:13:07 AM EDT 2025:::
:::Lighttpd Wed Jul 30 04:13:10 AM EDT 2025:::
:::h2o Wed Jul 30 04:13:13 AM EDT 2025:::
:::Apache2 Wed Jul 30 04:13:16 AM EDT 2025:::
:::Lighttpd Wed Jul 30 04:13:19 AM EDT 2025:::
:::h2o Wed Jul 30 04:13:22 AM EDT 2025:::
:::Apache2 Wed Jul 30 04:13:25 AM EDT 2025:::
:::Lighttpd Wed Jul 30 04:13:28 AM EDT 2025:::
:::h2o Wed Jul 30 04:13:31 AM EDT 2025:::
:::Apache2 Wed Jul 30 04:13:34 AM EDT 2025:::
:::Lighttpd Wed Jul 30 04:13:37 AM EDT 2025:::
:::h2o Wed Jul 30 04:13:40 AM EDT 2025:::
:::Apache2 Wed Jul 30 04:13:43 AM EDT 2025:::
:::Lighttpd Wed Jul 30 04:13:46 AM EDT 2025:::
:::h2o Wed Jul 30 04:13:49 AM EDT 2025:::
:::Apache2 Wed Jul 30 04:13:52 AM EDT 2025:::
:::Lighttpd Wed Jul 30 04:13:55 AM EDT 2025:::
:::h2o Wed Jul 30 04:13:58 AM EDT 2025:::
:::Apache2 Wed Jul 30 04:14:01 AM EDT 2025:::
:::Lighttpd Wed Jul 30 04:14:04 AM EDT 2025:::
:::h2o Wed Jul 30 04:14:07 AM EDT 2025:::
:::Apache2 Wed Jul 30 04:14:10 AM EDT 2025:::
:::Lighttpd Wed Jul 30 04:14:13 AM EDT 2025:::
:::h2o Wed Jul 30 04:14:16 AM EDT 2025:::
:::Apache2 Wed Jul 30 04:14:20 AM EDT 2025:::
:::Lighttpd Wed Jul 30 04:14:23 AM EDT 2025:::
:::h2o Wed Jul 30 04:14:26 AM EDT 2025:::
:::Apache2 Wed Jul 30 04:14:29 AM EDT 2025:::
:::Lighttpd Wed Jul 30 04:14:32 AM EDT 2025:::
:::h2o Wed Jul 30 04:14:35 AM EDT 2025:::
:::Apache2 Wed Jul 30 04:14:38 AM EDT 2025:::
:::Lighttpd Wed Jul 30 04:14:41 AM EDT 2025:::
:::h2o Wed Jul 30 04:14:44 AM EDT 2025:::
:::Apache2 Wed Jul 30 04:14:47 AM EDT 2025:::
:::Lighttpd Wed Jul 30 04:14:50 AM EDT 2025:::
:::h2o Wed Jul 30 04:14:53 AM EDT 2025:::
:::Apache2 Wed Jul 30 04:14:56 AM EDT 2025:::
:::Lighttpd Wed Jul 30 04:14:59 AM EDT 2025:::
:::h2o Wed Jul 30 04:15:02 AM EDT 2025:::
:::Apache2 Wed Jul 30 04:15:05 AM EDT 2025:::
:::Lighttpd Wed Jul 30 04:15:08 AM EDT 2025:::
:::h2o Wed Jul 30 04:15:11 AM EDT 2025:::
:::Apache2 Wed Jul 30 04:15:14 AM EDT 2025:::
:::Lighttpd Wed Jul 30 04:15:17 AM EDT 2025:::
:::h2o Wed Jul 30 04:15:20 AM EDT 2025:::
:::Apache2 Wed Jul 30 04:15:23 AM EDT 2025:::
:::Lighttpd Wed Jul 30 04:15:26 AM EDT 2025:::
:::h2o Wed Jul 30 04:15:29 AM EDT 2025:::
:::Apache2 Wed Jul 30 04:15:33 AM EDT 2025:::
:::Lighttpd Wed Jul 30 04:15:36 AM EDT 2025:::
:::h2o Wed Jul 30 04:15:39 AM EDT 2025:::
:::Apache2 Wed Jul 30 04:15:42 AM EDT 2025:::
:::Lighttpd Wed Jul 30 04:15:45 AM EDT 2025:::
:::h2o Wed Jul 30 04:15:48 AM EDT 2025:::
:::Apache2 Wed Jul 30 04:15:51 AM EDT 2025:::
:::Lighttpd Wed Jul 30 04:15:54 AM EDT 2025:::
:::h2o Wed Jul 30 04:15:57 AM EDT 2025:::
:::Apache2 Wed Jul 30 04:16:00 AM EDT 2025:::
:::Lighttpd Wed Jul 30 04:16:03 AM EDT 2025:::
:::h2o Wed Jul 30 04:16:06 AM EDT 2025:::
:::Apache2 Wed Jul 30 04:16:09 AM EDT 2025:::
:::Lighttpd Wed Jul 30 04:16:12 AM EDT 2025:::
:::h2o Wed Jul 30 04:16:15 AM EDT 2025:::
:::Apache2 Wed Jul 30 04:16:18 AM EDT 2025:::
:::Lighttpd Wed Jul 30 04:16:21 AM EDT 2025:::
:::h2o Wed Jul 30 04:16:24 AM EDT 2025:::
:::Apache2 Wed Jul 30 04:16:27 AM EDT 2025:::
:::Lighttpd Wed Jul 30 04:16:30 AM EDT 2025:::
:::h2o Wed Jul 30 04:16:33 AM EDT 2025:::
:::Apache2 Wed Jul 30 04:16:36 AM EDT 2025:::
:::Lighttpd Wed Jul 30 04:16:39 AM EDT 2025:::
:::h2o Wed Jul 30 04:16:43 AM EDT 2025:::
:::Apache2 Wed Jul 30 04:16:46 AM EDT 2025:::
:::Lighttpd Wed Jul 30 04:16:49 AM EDT 2025:::
:::h2o Wed Jul 30 04:16:52 AM EDT 2025:::
:::Apache2 Wed Jul 30 04:16:55 AM EDT 2025:::
:::Lighttpd Wed Jul 30 04:16:58 AM EDT 2025:::
:::h2o Wed Jul 30 04:17:01 AM EDT 2025:::
:::Apache2 Wed Jul 30 04:17:04 AM EDT 2025:::
:::Lighttpd Wed Jul 30 04:17:07 AM EDT 2025:::
:::h2o Wed Jul 30 04:17:10 AM EDT 2025:::
:::Apache2 Wed Jul 30 04:17:13 AM EDT 2025:::
:::Lighttpd Wed Jul 30 04:17:16 AM EDT 2025:::
:::h2o Wed Jul 30 04:17:19 AM EDT 2025:::
:::Apache2 Wed Jul 30 04:17:22 AM EDT 2025:::
:::Lighttpd Wed Jul 30 04:17:25 AM EDT 2025:::
:::h2o Wed Jul 30 04:17:28 AM EDT 2025:::
:::Apache2 Wed Jul 30 04:17:31 AM EDT 2025:::
:::Lighttpd Wed Jul 30 04:17:34 AM EDT 2025:::
:::h2o Wed Jul 30 04:17:37 AM EDT 2025:::
:::Apache2 Wed Jul 30 04:17:40 AM EDT 2025:::
:::Lighttpd Wed Jul 30 04:17:43 AM EDT 2025:::
:::h2o Wed Jul 30 04:17:46 AM EDT 2025:::
:::Apache2 Wed Jul 30 04:17:49 AM EDT 2025:::
:::Lighttpd Wed Jul 30 04:17:53 AM EDT 2025:::
:::h2o Wed Jul 30 04:17:56 AM EDT 2025:::
:::Apache2 Wed Jul 30 04:17:59 AM EDT 2025:::
:::Lighttpd Wed Jul 30 04:18:02 AM EDT 2025:::
:::h2o Wed Jul 30 04:18:05 AM EDT 2025:::
:::Apache2 Wed Jul 30 04:18:08 AM EDT 2025:::
:::Lighttpd Wed Jul 30 04:18:11 AM EDT 2025:::
:::h2o Wed Jul 30 04:18:14 AM EDT 2025:::
:::Apache2 Wed Jul 30 04:18:17 AM EDT 2025:::
:::Lighttpd Wed Jul 30 04:18:20 AM EDT 2025:::
:::h2o Wed Jul 30 04:18:23 AM EDT 2025:::
:::Apache2 Wed Jul 30 04:18:26 AM EDT 2025:::
:::Lighttpd Wed Jul 30 04:18:29 AM EDT 2025:::
:::h2o Wed Jul 30 04:18:32 AM EDT 2025:::
:::Apache2 Wed Jul 30 04:18:35 AM EDT 2025:::
:::Lighttpd Wed Jul 30 04:18:38 AM EDT 2025:::
:::h2o Wed Jul 30 04:18:41 AM EDT 2025:::
:::Apache2 Wed Jul 30 04:18:44 AM EDT 2025:::
:::Lighttpd Wed Jul 30 04:18:47 AM EDT 2025:::
:::h2o Wed Jul 30 04:18:50 AM EDT 2025:::
:::Apache2 Wed Jul 30 04:18:53 AM EDT 2025:::
:::Lighttpd Wed Jul 30 04:18:56 AM EDT 2025:::
:::h2o Wed Jul 30 04:18:59 AM EDT 2025:::
:::Apache2 Wed Jul 30 04:19:02 AM EDT 2025:::
:::Lighttpd Wed Jul 30 04:19:06 AM EDT 2025:::
:::h2o Wed Jul 30 04:19:09 AM EDT 2025:::
:::Apache2 Wed Jul 30 04:19:12 AM EDT 2025:::
:::Lighttpd Wed Jul 30 04:19:15 AM EDT 2025:::
:::h2o Wed Jul 30 04:19:18 AM EDT 2025:::
:::Apache2 Wed Jul 30 04:19:21 AM EDT 2025:::
:::Lighttpd Wed Jul 30 04:19:24 AM EDT 2025:::
:::h2o Wed Jul 30 04:19:27 AM EDT 2025:::
:::Apache2 Wed Jul 30 04:19:30 AM EDT 2025:::
:::Lighttpd Wed Jul 30 04:19:33 AM EDT 2025:::
:::h2o Wed Jul 30 04:19:36 AM EDT 2025:::
:::Apache2 Wed Jul 30 04:19:39 AM EDT 2025:::
:::Lighttpd Wed Jul 30 04:19:42 AM EDT 2025:::
:::h2o Wed Jul 30 04:19:45 AM EDT 2025:::
:::Apache2 Wed Jul 30 04:19:48 AM EDT 2025:::
:::Lighttpd Wed Jul 30 04:19:51 AM EDT 2025:::
:::h2o Wed Jul 30 04:19:54 AM EDT 2025:::
:::Apache2 Wed Jul 30 04:19:57 AM EDT 2025:::
:::Lighttpd Wed Jul 30 04:20:00 AM EDT 2025:::
:::h2o Wed Jul 30 04:20:03 AM EDT 2025:::
:::Apache2 Wed Jul 30 04:20:06 AM EDT 2025:::
:::Lighttpd Wed Jul 30 04:20:09 AM EDT 2025:::
:::h2o Wed Jul 30 04:20:12 AM EDT 2025:::
:::Apache2 Wed Jul 30 04:20:16 AM EDT 2025:::
:::Lighttpd Wed Jul 30 04:20:19 AM EDT 2025:::
:::h2o Wed Jul 30 04:20:22 AM EDT 2025:::
:::Apache2 Wed Jul 30 04:20:25 AM EDT 2025:::
:::Lighttpd Wed Jul 30 04:20:28 AM EDT 2025:::
:::h2o Wed Jul 30 04:20:31 AM EDT 2025:::
:::Apache2 Wed Jul 30 04:20:34 AM EDT 2025:::
:::Lighttpd Wed Jul 30 04:20:37 AM EDT 2025:::
:::h2o Wed Jul 30 04:20:40 AM EDT 2025:::
:::Apache2 Wed Jul 30 04:20:43 AM EDT 2025:::
:::Lighttpd Wed Jul 30 04:20:46 AM EDT 2025:::
:::h2o Wed Jul 30 04:20:49 AM EDT 2025:::
:::Apache2 Wed Jul 30 04:20:52 AM EDT 2025:::
:::Lighttpd Wed Jul 30 04:20:55 AM EDT 2025:::
:::h2o Wed Jul 30 04:20:58 AM EDT 2025:::
:::Apache2 Wed Jul 30 04:21:01 AM EDT 2025:::
:::Lighttpd Wed Jul 30 04:21:04 AM EDT 2025:::
:::h2o Wed Jul 30 04:21:07 AM EDT 2025:::
:::Apache2 Wed Jul 30 04:21:10 AM EDT 2025:::
:::Lighttpd Wed Jul 30 04:21:13 AM EDT 2025:::
:::h2o Wed Jul 30 04:21:16 AM EDT 2025:::
:::Apache2 Wed Jul 30 04:21:19 AM EDT 2025:::
:::Lighttpd Wed Jul 30 04:21:22 AM EDT 2025:::
:::h2o Wed Jul 30 04:21:25 AM EDT 2025:::
:::Apache2 Wed Jul 30 04:21:29 AM EDT 2025:::
:::Lighttpd Wed Jul 30 04:21:32 AM EDT 2025:::
:::h2o Wed Jul 30 04:21:35 AM EDT 2025:::
:::Apache2 Wed Jul 30 04:21:38 AM EDT 2025:::
:::Lighttpd Wed Jul 30 04:21:41 AM EDT 2025:::
:::h2o Wed Jul 30 04:21:44 AM EDT 2025:::
:::Apache2 Wed Jul 30 04:21:47 AM EDT 2025:::
:::Lighttpd Wed Jul 30 04:21:50 AM EDT 2025:::
:::h2o Wed Jul 30 04:21:53 AM EDT 2025:::
:::Apache2 Wed Jul 30 04:21:56 AM EDT 2025:::
:::Lighttpd Wed Jul 30 04:21:59 AM EDT 2025:::
:::h2o Wed Jul 30 04:22:02 AM EDT 2025:::
:::Apache2 Wed Jul 30 04:22:05 AM EDT 2025:::
:::Lighttpd Wed Jul 30 04:22:08 AM EDT 2025:::
:::h2o Wed Jul 30 04:22:11 AM EDT 2025:::
:::Apache2 Wed Jul 30 04:22:14 AM EDT 2025:::
:::Lighttpd Wed Jul 30 04:22:17 AM EDT 2025:::
:::h2o Wed Jul 30 04:22:20 AM EDT 2025:::
:::Apache2 Wed Jul 30 04:22:23 AM EDT 2025:::
:::Lighttpd Wed Jul 30 04:22:26 AM EDT 2025:::
:::h2o Wed Jul 30 04:22:29 AM EDT 2025:::
:::Apache2 Wed Jul 30 04:22:32 AM EDT 2025:::
:::Lighttpd Wed Jul 30 04:22:35 AM EDT 2025:::
:::h2o Wed Jul 30 04:22:38 AM EDT 2025:::
:::Apache2 Wed Jul 30 04:22:42 AM EDT 2025:::
:::Lighttpd Wed Jul 30 04:22:45 AM EDT 2025:::
:::h2o Wed Jul 30 04:22:48 AM EDT 2025:::
:::Apache2 Wed Jul 30 04:22:51 AM EDT 2025:::
:::Lighttpd Wed Jul 30 04:22:54 AM EDT 2025:::
:::h2o Wed Jul 30 04:22:57 AM EDT 2025:::
:::Apache2 Wed Jul 30 04:23:00 AM EDT 2025:::
:::Lighttpd Wed Jul 30 04:23:03 AM EDT 2025:::
:::h2o Wed Jul 30 04:23:06 AM EDT 2025:::
:::Apache2 Wed Jul 30 04:23:09 AM EDT 2025:::
:::Lighttpd Wed Jul 30 04:23:12 AM EDT 2025:::
:::h2o Wed Jul 30 04:23:15 AM EDT 2025:::
:::Apache2 Wed Jul 30 04:23:18 AM EDT 2025:::
:::Lighttpd Wed Jul 30 04:23:21 AM EDT 2025:::
:::h2o Wed Jul 30 04:23:24 AM EDT 2025:::
:::Apache2 Wed Jul 30 04:23:27 AM EDT 2025:::
:::Lighttpd Wed Jul 30 04:23:30 AM EDT 2025:::
:::h2o Wed Jul 30 04:23:33 AM EDT 2025:::
:::Apache2 Wed Jul 30 04:23:36 AM EDT 2025:::
:::Lighttpd Wed Jul 30 04:23:39 AM EDT 2025:::
:::h2o Wed Jul 30 04:23:42 AM EDT 2025:::
:::Apache2 Wed Jul 30 04:23:45 AM EDT 2025:::
:::Lighttpd Wed Jul 30 04:23:48 AM EDT 2025:::
:::h2o Wed Jul 30 04:23:52 AM EDT 2025:::
:::Apache2 Wed Jul 30 04:23:55 AM EDT 2025:::
:::Lighttpd Wed Jul 30 04:23:58 AM EDT 2025:::
:::h2o Wed Jul 30 04:24:01 AM EDT 2025:::
:::Apache2 Wed Jul 30 04:24:04 AM EDT 2025:::
:::Lighttpd Wed Jul 30 04:24:07 AM EDT 2025:::
:::h2o Wed Jul 30 04:24:10 AM EDT 2025:::
:::Apache2 Wed Jul 30 04:24:13 AM EDT 2025:::
:::Lighttpd Wed Jul 30 04:24:16 AM EDT 2025:::
:::h2o Wed Jul 30 04:24:19 AM EDT 2025:::
:::Apache2 Wed Jul 30 04:24:22 AM EDT 2025:::
:::Lighttpd Wed Jul 30 04:24:25 AM EDT 2025:::
:::h2o Wed Jul 30 04:24:28 AM EDT 2025:::
:::Apache2 Wed Jul 30 04:24:31 AM EDT 2025:::
:::Lighttpd Wed Jul 30 04:24:34 AM EDT 2025:::
:::h2o Wed Jul 30 04:24:37 AM EDT 2025:::
:::Apache2 Wed Jul 30 04:24:40 AM EDT 2025:::
:::Lighttpd Wed Jul 30 04:24:43 AM EDT 2025:::
:::h2o Wed Jul 30 04:24:46 AM EDT 2025:::
:::Apache2 Wed Jul 30 04:24:49 AM EDT 2025:::
:::Lighttpd Wed Jul 30 04:24:52 AM EDT 2025:::
:::h2o Wed Jul 30 04:24:55 AM EDT 2025:::
:::Apache2 Wed Jul 30 04:24:58 AM EDT 2025:::
:::Lighttpd Wed Jul 30 04:25:01 AM EDT 2025:::
:::h2o Wed Jul 30 04:25:05 AM EDT 2025:::
:::Apache2 Wed Jul 30 04:25:08 AM EDT 2025:::
:::Lighttpd Wed Jul 30 04:25:11 AM EDT 2025:::
:::h2o Wed Jul 30 04:25:14 AM EDT 2025:::
:::Apache2 Wed Jul 30 04:25:17 AM EDT 2025:::
:::Lighttpd Wed Jul 30 04:25:20 AM EDT 2025:::
:::h2o Wed Jul 30 04:25:23 AM EDT 2025:::
:::Apache2 Wed Jul 30 04:25:26 AM EDT 2025:::
:::Lighttpd Wed Jul 30 04:25:29 AM EDT 2025:::
:::h2o Wed Jul 30 04:25:32 AM EDT 2025:::
:::Apache2 Wed Jul 30 04:25:35 AM EDT 2025:::
:::Lighttpd Wed Jul 30 04:25:38 AM EDT 2025:::
:::h2o Wed Jul 30 04:25:41 AM EDT 2025:::
:::Apache2 Wed Jul 30 04:25:44 AM EDT 2025:::
:::Lighttpd Wed Jul 30 04:25:47 AM EDT 2025:::
:::h2o Wed Jul 30 04:25:50 AM EDT 2025:::
:::Apache2 Wed Jul 30 04:25:53 AM EDT 2025:::
:::Lighttpd Wed Jul 30 04:25:56 AM EDT 2025:::
:::h2o Wed Jul 30 04:25:59 AM EDT 2025:::
:::Apache2 Wed Jul 30 04:26:02 AM EDT 2025:::
:::Lighttpd Wed Jul 30 04:26:05 AM EDT 2025:::
:::h2o Wed Jul 30 04:26:08 AM EDT 2025:::
:::Apache2 Wed Jul 30 04:26:11 AM EDT 2025:::
:::Lighttpd Wed Jul 30 04:26:14 AM EDT 2025:::
:::h2o Wed Jul 30 04:26:18 AM EDT 2025:::
:::Apache2 Wed Jul 30 04:26:21 AM EDT 2025:::
:::Lighttpd Wed Jul 30 04:26:24 AM EDT 2025:::
:::h2o Wed Jul 30 04:26:27 AM EDT 2025:::
:::Apache2 Wed Jul 30 04:26:30 AM EDT 2025:::
:::Lighttpd Wed Jul 30 04:26:33 AM EDT 2025:::
:::h2o Wed Jul 30 04:26:36 AM EDT 2025:::
:::Apache2 Wed Jul 30 04:26:39 AM EDT 2025:::
:::Lighttpd Wed Jul 30 04:26:42 AM EDT 2025:::
:::h2o Wed Jul 30 04:26:45 AM EDT 2025:::
:::Apache2 Wed Jul 30 04:26:48 AM EDT 2025:::
:::Lighttpd Wed Jul 30 04:26:51 AM EDT 2025:::
:::h2o Wed Jul 30 04:26:54 AM EDT 2025:::
:::Apache2 Wed Jul 30 04:26:57 AM EDT 2025:::
:::Lighttpd Wed Jul 30 04:27:00 AM EDT 2025:::
:::h2o Wed Jul 30 04:27:03 AM EDT 2025:::
:::Apache2 Wed Jul 30 04:27:06 AM EDT 2025:::
:::Lighttpd Wed Jul 30 04:27:09 AM EDT 2025:::
:::h2o Wed Jul 30 04:27:12 AM EDT 2025:::
:::Apache2 Wed Jul 30 04:27:15 AM EDT 2025:::
:::Lighttpd Wed Jul 30 04:27:18 AM EDT 2025:::
:::h2o Wed Jul 30 04:27:21 AM EDT 2025:::
:::Apache2 Wed Jul 30 04:27:24 AM EDT 2025:::
:::Lighttpd Wed Jul 30 04:27:28 AM EDT 2025:::
:::h2o Wed Jul 30 04:27:31 AM EDT 2025:::
:::Apache2 Wed Jul 30 04:27:34 AM EDT 2025:::
:::Lighttpd Wed Jul 30 04:27:37 AM EDT 2025:::
:::h2o Wed Jul 30 04:27:40 AM EDT 2025:::
:::Apache2 Wed Jul 30 04:27:43 AM EDT 2025:::
:::Lighttpd Wed Jul 30 04:27:46 AM EDT 2025:::
:::h2o Wed Jul 30 04:27:49 AM EDT 2025:::
:::Apache2 Wed Jul 30 04:27:52 AM EDT 2025:::
:::Lighttpd Wed Jul 30 04:27:55 AM EDT 2025:::
:::h2o Wed Jul 30 04:27:58 AM EDT 2025:::
:::Apache2 Wed Jul 30 04:28:01 AM EDT 2025:::
:::Lighttpd Wed Jul 30 04:28:04 AM EDT 2025:::
:::h2o Wed Jul 30 04:28:07 AM EDT 2025:::
:::Apache2 Wed Jul 30 04:28:10 AM EDT 2025:::
:::Lighttpd Wed Jul 30 04:28:13 AM EDT 2025:::
:::h2o Wed Jul 30 04:28:16 AM EDT 2025:::
:::Apache2 Wed Jul 30 04:28:19 AM EDT 2025:::
:::Lighttpd Wed Jul 30 04:28:22 AM EDT 2025:::
:::h2o Wed Jul 30 04:28:25 AM EDT 2025:::
:::Apache2 Wed Jul 30 04:28:28 AM EDT 2025:::
:::Lighttpd Wed Jul 30 04:28:31 AM EDT 2025:::
:::h2o Wed Jul 30 04:28:34 AM EDT 2025:::
:::Apache2 Wed Jul 30 04:28:37 AM EDT 2025:::
:::Lighttpd Wed Jul 30 04:28:41 AM EDT 2025:::
:::h2o Wed Jul 30 04:28:44 AM EDT 2025:::
:::Apache2 Wed Jul 30 04:28:47 AM EDT 2025:::
:::Lighttpd Wed Jul 30 04:28:50 AM EDT 2025:::
:::h2o Wed Jul 30 04:28:53 AM EDT 2025:::
:::Apache2 Wed Jul 30 04:28:56 AM EDT 2025:::
:::Lighttpd Wed Jul 30 04:28:59 AM EDT 2025:::
:::h2o Wed Jul 30 04:29:02 AM EDT 2025:::
:::Apache2 Wed Jul 30 04:29:05 AM EDT 2025:::
:::Lighttpd Wed Jul 30 04:29:08 AM EDT 2025:::
:::h2o Wed Jul 30 04:29:11 AM EDT 2025:::
:::Apache2 Wed Jul 30 04:29:14 AM EDT 2025:::
:::Lighttpd Wed Jul 30 04:29:17 AM EDT 2025:::
:::h2o Wed Jul 30 04:29:20 AM EDT 2025:::
:::Apache2 Wed Jul 30 04:29:23 AM EDT 2025:::
:::Lighttpd Wed Jul 30 04:29:26 AM EDT 2025:::
:::h2o Wed Jul 30 04:29:29 AM EDT 2025:::
:::Apache2 Wed Jul 30 04:29:32 AM EDT 2025:::
:::Lighttpd Wed Jul 30 04:29:35 AM EDT 2025:::
:::h2o Wed Jul 30 04:29:38 AM EDT 2025:::
:::Apache2 Wed Jul 30 04:29:41 AM EDT 2025:::
:::Lighttpd Wed Jul 30 04:29:44 AM EDT 2025:::
:::h2o Wed Jul 30 04:29:47 AM EDT 2025:::
:::Apache2 Wed Jul 30 04:29:50 AM EDT 2025:::
:::Lighttpd Wed Jul 30 04:29:54 AM EDT 2025:::
:::h2o Wed Jul 30 04:29:57 AM EDT 2025:::
:::Apache2 Wed Jul 30 04:30:00 AM EDT 2025:::
:::Lighttpd Wed Jul 30 04:30:03 AM EDT 2025:::
:::h2o Wed Jul 30 04:30:06 AM EDT 2025:::
:::Apache2 Wed Jul 30 04:30:09 AM EDT 2025:::
:::Lighttpd Wed Jul 30 04:30:12 AM EDT 2025:::
:::h2o Wed Jul 30 04:30:15 AM EDT 2025:::
:::Apache2 Wed Jul 30 04:30:18 AM EDT 2025:::
:::Lighttpd Wed Jul 30 04:30:21 AM EDT 2025:::
:::h2o Wed Jul 30 04:30:24 AM EDT 2025:::
:::Apache2 Wed Jul 30 04:30:27 AM EDT 2025:::
:::Lighttpd Wed Jul 30 04:30:30 AM EDT 2025:::
:::h2o Wed Jul 30 04:30:33 AM EDT 2025:::
:::Apache2 Wed Jul 30 04:30:36 AM EDT 2025:::
:::Lighttpd Wed Jul 30 04:30:39 AM EDT 2025:::
:::h2o Wed Jul 30 04:30:42 AM EDT 2025:::
:::Apache2 Wed Jul 30 04:30:45 AM EDT 2025:::
:::Lighttpd Wed Jul 30 04:30:48 AM EDT 2025:::
:::h2o Wed Jul 30 04:30:51 AM EDT 2025:::
:::Apache2 Wed Jul 30 04:30:54 AM EDT 2025:::
:::Lighttpd Wed Jul 30 04:30:57 AM EDT 2025:::
:::h2o Wed Jul 30 04:31:00 AM EDT 2025:::
:::Apache2 Wed Jul 30 04:31:03 AM EDT 2025:::
:::Lighttpd Wed Jul 30 04:31:07 AM EDT 2025:::
:::h2o Wed Jul 30 04:31:10 AM EDT 2025:::
:::Apache2 Wed Jul 30 04:31:13 AM EDT 2025:::
:::Lighttpd Wed Jul 30 04:31:16 AM EDT 2025:::
:::h2o Wed Jul 30 04:31:19 AM EDT 2025:::
:::Apache2 Wed Jul 30 04:31:22 AM EDT 2025:::
:::Lighttpd Wed Jul 30 04:31:25 AM EDT 2025:::
:::h2o Wed Jul 30 04:31:28 AM EDT 2025:::
:::Apache2 Wed Jul 30 04:31:31 AM EDT 2025:::
:::Lighttpd Wed Jul 30 04:31:34 AM EDT 2025:::
:::h2o Wed Jul 30 04:31:37 AM EDT 2025:::
:::Apache2 Wed Jul 30 04:31:40 AM EDT 2025:::
:::Lighttpd Wed Jul 30 04:31:43 AM EDT 2025:::
:::h2o Wed Jul 30 04:31:46 AM EDT 2025:::
:::Apache2 Wed Jul 30 04:31:49 AM EDT 2025:::
:::Lighttpd Wed Jul 30 04:31:52 AM EDT 2025:::
:::h2o Wed Jul 30 04:31:55 AM EDT 2025:::
:::Apache2 Wed Jul 30 04:31:58 AM EDT 2025:::
:::Lighttpd Wed Jul 30 04:32:01 AM EDT 2025:::
:::h2o Wed Jul 30 04:32:04 AM EDT 2025:::
:::Apache2 Wed Jul 30 04:32:07 AM EDT 2025:::
:::Lighttpd Wed Jul 30 04:32:10 AM EDT 2025:::
:::h2o Wed Jul 30 04:32:13 AM EDT 2025:::
:::Apache2 Wed Jul 30 04:32:16 AM EDT 2025:::
:::Lighttpd Wed Jul 30 04:32:20 AM EDT 2025:::
:::h2o Wed Jul 30 04:32:23 AM EDT 2025:::
:::Apache2 Wed Jul 30 04:32:26 AM EDT 2025:::
:::Lighttpd Wed Jul 30 04:32:29 AM EDT 2025:::
:::h2o Wed Jul 30 04:32:32 AM EDT 2025:::
:::Apache2 Wed Jul 30 04:32:35 AM EDT 2025:::
:::Lighttpd Wed Jul 30 04:32:38 AM EDT 2025:::
:::h2o Wed Jul 30 04:32:41 AM EDT 2025:::
:::Apache2 Wed Jul 30 04:32:44 AM EDT 2025:::
:::Lighttpd Wed Jul 30 04:32:47 AM EDT 2025:::
:::h2o Wed Jul 30 04:32:50 AM EDT 2025:::
:::Apache2 Wed Jul 30 04:32:53 AM EDT 2025:::
:::Lighttpd Wed Jul 30 04:32:56 AM EDT 2025:::
:::h2o Wed Jul 30 04:32:59 AM EDT 2025:::
:::Apache2 Wed Jul 30 04:33:02 AM EDT 2025:::
:::Lighttpd Wed Jul 30 04:33:05 AM EDT 2025:::
:::h2o Wed Jul 30 04:33:08 AM EDT 2025:::
:::Apache2 Wed Jul 30 04:33:11 AM EDT 2025:::
:::Lighttpd Wed Jul 30 04:33:14 AM EDT 2025:::
:::h2o Wed Jul 30 04:33:17 AM EDT 2025:::
:::Apache2 Wed Jul 30 04:33:20 AM EDT 2025:::
:::Lighttpd Wed Jul 30 04:33:23 AM EDT 2025:::
:::h2o Wed Jul 30 04:33:26 AM EDT 2025:::
:::Apache2 Wed Jul 30 04:33:30 AM EDT 2025:::
:::Lighttpd Wed Jul 30 04:33:33 AM EDT 2025:::
:::h2o Wed Jul 30 04:33:36 AM EDT 2025:::
:::Apache2 Wed Jul 30 04:33:39 AM EDT 2025:::
:::Lighttpd Wed Jul 30 04:33:42 AM EDT 2025:::
:::h2o Wed Jul 30 04:33:45 AM EDT 2025:::
:::Apache2 Wed Jul 30 04:33:48 AM EDT 2025:::
:::Lighttpd Wed Jul 30 04:33:51 AM EDT 2025:::
:::h2o Wed Jul 30 04:33:54 AM EDT 2025:::
:::Apache2 Wed Jul 30 04:33:57 AM EDT 2025:::
:::Lighttpd Wed Jul 30 04:34:00 AM EDT 2025:::
:::h2o Wed Jul 30 04:34:03 AM EDT 2025:::
:::Apache2 Wed Jul 30 04:34:06 AM EDT 2025:::
:::Lighttpd Wed Jul 30 04:34:09 AM EDT 2025:::
:::h2o Wed Jul 30 04:34:12 AM EDT 2025:::
:::Apache2 Wed Jul 30 04:34:15 AM EDT 2025:::
:::Lighttpd Wed Jul 30 04:34:18 AM EDT 2025:::
:::h2o Wed Jul 30 04:34:21 AM EDT 2025:::
:::Apache2 Wed Jul 30 04:34:24 AM EDT 2025:::
:::Lighttpd Wed Jul 30 04:34:27 AM EDT 2025:::
:::h2o Wed Jul 30 04:34:30 AM EDT 2025:::
:::Apache2 Wed Jul 30 04:34:33 AM EDT 2025:::
:::Lighttpd Wed Jul 30 04:34:36 AM EDT 2025:::
:::h2o Wed Jul 30 04:34:40 AM EDT 2025:::
:::Apache2 Wed Jul 30 04:34:43 AM EDT 2025:::
:::Lighttpd Wed Jul 30 04:34:46 AM EDT 2025:::
:::h2o Wed Jul 30 04:34:49 AM EDT 2025:::
:::Apache2 Wed Jul 30 04:34:52 AM EDT 2025:::
:::Lighttpd Wed Jul 30 04:34:55 AM EDT 2025:::
:::h2o Wed Jul 30 04:34:58 AM EDT 2025:::
:::Apache2 Wed Jul 30 04:35:01 AM EDT 2025:::
:::Lighttpd Wed Jul 30 04:35:04 AM EDT 2025:::
:::h2o Wed Jul 30 04:35:07 AM EDT 2025:::
:::Apache2 Wed Jul 30 04:35:10 AM EDT 2025:::
:::Lighttpd Wed Jul 30 04:35:13 AM EDT 2025:::
:::h2o Wed Jul 30 04:35:16 AM EDT 2025:::
:::Apache2 Wed Jul 30 04:35:19 AM EDT 2025:::
:::Lighttpd Wed Jul 30 04:35:22 AM EDT 2025:::
:::h2o Wed Jul 30 04:35:25 AM EDT 2025:::
:::Apache2 Wed Jul 30 04:35:28 AM EDT 2025:::
:::Lighttpd Wed Jul 30 04:35:31 AM EDT 2025:::
:::h2o Wed Jul 30 04:35:34 AM EDT 2025:::
:::Apache2 Wed Jul 30 04:35:37 AM EDT 2025:::
:::Lighttpd Wed Jul 30 04:35:40 AM EDT 2025:::
:::h2o Wed Jul 30 04:35:43 AM EDT 2025:::
:::Apache2 Wed Jul 30 04:35:46 AM EDT 2025:::
:::Lighttpd Wed Jul 30 04:35:50 AM EDT 2025:::
:::h2o Wed Jul 30 04:35:53 AM EDT 2025:::
:::Apache2 Wed Jul 30 04:35:56 AM EDT 2025:::
:::Lighttpd Wed Jul 30 04:35:59 AM EDT 2025:::
:::h2o Wed Jul 30 04:36:02 AM EDT 2025:::
:::Apache2 Wed Jul 30 04:36:05 AM EDT 2025:::
:::Lighttpd Wed Jul 30 04:36:08 AM EDT 2025:::
:::h2o Wed Jul 30 04:36:11 AM EDT 2025:::
:::Apache2 Wed Jul 30 04:36:14 AM EDT 2025:::
:::Lighttpd Wed Jul 30 04:36:17 AM EDT 2025:::
:::h2o Wed Jul 30 04:36:20 AM EDT 2025:::
:::Apache2 Wed Jul 30 04:36:23 AM EDT 2025:::
:::Lighttpd Wed Jul 30 04:36:26 AM EDT 2025:::
:::h2o Wed Jul 30 04:36:29 AM EDT 2025:::
:::Apache2 Wed Jul 30 04:36:32 AM EDT 2025:::
:::Lighttpd Wed Jul 30 04:36:35 AM EDT 2025:::
:::h2o Wed Jul 30 04:36:38 AM EDT 2025:::
:::Apache2 Wed Jul 30 04:36:41 AM EDT 2025:::
:::Lighttpd Wed Jul 30 04:36:44 AM EDT 2025:::
:::h2o Wed Jul 30 04:36:47 AM EDT 2025:::
:::Apache2 Wed Jul 30 04:36:50 AM EDT 2025:::
:::Lighttpd Wed Jul 30 04:36:53 AM EDT 2025:::
:::h2o Wed Jul 30 04:36:56 AM EDT 2025:::
:::Apache2 Wed Jul 30 04:36:59 AM EDT 2025:::
:::Lighttpd Wed Jul 30 04:37:03 AM EDT 2025:::
:::h2o Wed Jul 30 04:37:06 AM EDT 2025:::
:::Apache2 Wed Jul 30 04:37:09 AM EDT 2025:::
:::Lighttpd Wed Jul 30 04:37:12 AM EDT 2025:::
:::h2o Wed Jul 30 04:37:15 AM EDT 2025:::
:::Apache2 Wed Jul 30 04:37:18 AM EDT 2025:::
:::Lighttpd Wed Jul 30 04:37:21 AM EDT 2025:::
:::h2o Wed Jul 30 04:37:24 AM EDT 2025:::
:::Apache2 Wed Jul 30 04:37:27 AM EDT 2025:::
:::Lighttpd Wed Jul 30 04:37:30 AM EDT 2025:::
:::h2o Wed Jul 30 04:37:33 AM EDT 2025:::
:::Apache2 Wed Jul 30 04:37:36 AM EDT 2025:::
:::Lighttpd Wed Jul 30 04:37:39 AM EDT 2025:::
:::h2o Wed Jul 30 04:37:42 AM EDT 2025:::
:::Apache2 Wed Jul 30 04:37:45 AM EDT 2025:::
:::Lighttpd Wed Jul 30 04:37:48 AM EDT 2025:::
:::h2o Wed Jul 30 04:37:51 AM EDT 2025:::
:::Apache2 Wed Jul 30 04:37:54 AM EDT 2025:::
:::Lighttpd Wed Jul 30 04:37:57 AM EDT 2025:::
:::h2o Wed Jul 30 04:38:00 AM EDT 2025:::
:::Apache2 Wed Jul 30 04:38:03 AM EDT 2025:::
:::Lighttpd Wed Jul 30 04:38:06 AM EDT 2025:::
:::h2o Wed Jul 30 04:38:09 AM EDT 2025:::
:::Apache2 Wed Jul 30 04:38:12 AM EDT 2025:::
:::Lighttpd Wed Jul 30 04:38:16 AM EDT 2025:::
:::h2o Wed Jul 30 04:38:19 AM EDT 2025:::
:::Apache2 Wed Jul 30 04:38:22 AM EDT 2025:::
:::Lighttpd Wed Jul 30 04:38:25 AM EDT 2025:::
:::h2o Wed Jul 30 04:38:28 AM EDT 2025:::
:::Apache2 Wed Jul 30 04:38:31 AM EDT 2025:::
:::Lighttpd Wed Jul 30 04:38:34 AM EDT 2025:::
:::h2o Wed Jul 30 04:38:37 AM EDT 2025:::
:::Apache2 Wed Jul 30 04:38:40 AM EDT 2025:::
:::Lighttpd Wed Jul 30 04:38:43 AM EDT 2025:::
:::h2o Wed Jul 30 04:38:46 AM EDT 2025:::
:::Apache2 Wed Jul 30 04:38:49 AM EDT 2025:::
:::Lighttpd Wed Jul 30 04:38:52 AM EDT 2025:::
:::h2o Wed Jul 30 04:38:55 AM EDT 2025:::
:::Apache2 Wed Jul 30 04:38:58 AM EDT 2025:::
:::Lighttpd Wed Jul 30 04:39:01 AM EDT 2025:::
:::h2o Wed Jul 30 04:39:04 AM EDT 2025:::
:::Apache2 Wed Jul 30 04:39:07 AM EDT 2025:::
:::Lighttpd Wed Jul 30 04:39:10 AM EDT 2025:::
:::h2o Wed Jul 30 04:39:13 AM EDT 2025:::
:::Apache2 Wed Jul 30 04:39:16 AM EDT 2025:::
:::Lighttpd Wed Jul 30 04:39:19 AM EDT 2025:::
:::h2o Wed Jul 30 04:39:22 AM EDT 2025:::
:::Apache2 Wed Jul 30 04:39:26 AM EDT 2025:::
:::Lighttpd Wed Jul 30 04:39:29 AM EDT 2025:::
:::h2o Wed Jul 30 04:39:32 AM EDT 2025:::
:::Apache2 Wed Jul 30 04:39:35 AM EDT 2025:::
:::Lighttpd Wed Jul 30 04:39:38 AM EDT 2025:::
:::h2o Wed Jul 30 04:39:41 AM EDT 2025:::
:::Apache2 Wed Jul 30 04:39:44 AM EDT 2025:::
:::Lighttpd Wed Jul 30 04:39:47 AM EDT 2025:::
:::h2o Wed Jul 30 04:39:50 AM EDT 2025:::
:::Apache2 Wed Jul 30 04:39:53 AM EDT 2025:::
:::Lighttpd Wed Jul 30 04:39:56 AM EDT 2025:::
:::h2o Wed Jul 30 04:39:59 AM EDT 2025:::
:::Apache2 Wed Jul 30 04:40:02 AM EDT 2025:::
:::Lighttpd Wed Jul 30 04:40:05 AM EDT 2025:::
:::h2o Wed Jul 30 04:40:08 AM EDT 2025:::
:::Apache2 Wed Jul 30 04:40:11 AM EDT 2025:::
:::Lighttpd Wed Jul 30 04:40:14 AM EDT 2025:::
:::h2o Wed Jul 30 04:40:17 AM EDT 2025:::
:::Apache2 Wed Jul 30 04:40:20 AM EDT 2025:::
:::Lighttpd Wed Jul 30 04:40:23 AM EDT 2025:::
:::h2o Wed Jul 30 04:40:26 AM EDT 2025:::
:::Apache2 Wed Jul 30 04:40:29 AM EDT 2025:::
:::Lighttpd Wed Jul 30 04:40:32 AM EDT 2025:::
:::h2o Wed Jul 30 04:40:35 AM EDT 2025:::
:::Apache2 Wed Jul 30 04:40:38 AM EDT 2025:::
:::Lighttpd Wed Jul 30 04:40:42 AM EDT 2025:::
:::h2o Wed Jul 30 04:40:45 AM EDT 2025:::
:::Apache2 Wed Jul 30 04:40:48 AM EDT 2025:::
:::Lighttpd Wed Jul 30 04:40:51 AM EDT 2025:::
:::h2o Wed Jul 30 04:40:54 AM EDT 2025:::
:::Apache2 Wed Jul 30 04:40:57 AM EDT 2025:::
:::Lighttpd Wed Jul 30 04:41:00 AM EDT 2025:::
:::h2o Wed Jul 30 04:41:03 AM EDT 2025:::
:::Apache2 Wed Jul 30 04:41:06 AM EDT 2025:::
:::Lighttpd Wed Jul 30 04:41:09 AM EDT 2025:::
:::h2o Wed Jul 30 04:41:12 AM EDT 2025:::
:::Apache2 Wed Jul 30 04:41:15 AM EDT 2025:::
:::Lighttpd Wed Jul 30 04:41:18 AM EDT 2025:::
:::h2o Wed Jul 30 04:41:21 AM EDT 2025:::
:::Apache2 Wed Jul 30 04:41:24 AM EDT 2025:::
:::Lighttpd Wed Jul 30 04:41:27 AM EDT 2025:::
:::h2o Wed Jul 30 04:41:30 AM EDT 2025:::
:::Apache2 Wed Jul 30 04:41:33 AM EDT 2025:::
:::Lighttpd Wed Jul 30 04:41:36 AM EDT 2025:::
:::h2o Wed Jul 30 04:41:39 AM EDT 2025:::
:::Apache2 Wed Jul 30 04:41:42 AM EDT 2025:::
:::Lighttpd Wed Jul 30 04:41:45 AM EDT 2025:::
:::h2o Wed Jul 30 04:41:48 AM EDT 2025:::
:::Apache2 Wed Jul 30 04:41:52 AM EDT 2025:::
:::Lighttpd Wed Jul 30 04:41:55 AM EDT 2025:::
:::h2o Wed Jul 30 04:41:58 AM EDT 2025:::
:::Apache2 Wed Jul 30 04:42:01 AM EDT 2025:::
:::Lighttpd Wed Jul 30 04:42:04 AM EDT 2025:::
:::h2o Wed Jul 30 04:42:07 AM EDT 2025:::
:::Apache2 Wed Jul 30 04:42:10 AM EDT 2025:::
:::Lighttpd Wed Jul 30 04:42:13 AM EDT 2025:::
:::h2o Wed Jul 30 04:42:16 AM EDT 2025:::
:::Apache2 Wed Jul 30 04:42:19 AM EDT 2025:::
:::Lighttpd Wed Jul 30 04:42:22 AM EDT 2025:::
:::h2o Wed Jul 30 04:42:25 AM EDT 2025:::
:::Apache2 Wed Jul 30 04:42:28 AM EDT 2025:::
:::Lighttpd Wed Jul 30 04:42:31 AM EDT 2025:::
:::h2o Wed Jul 30 04:42:34 AM EDT 2025:::
:::Apache2 Wed Jul 30 04:42:37 AM EDT 2025:::
:::Lighttpd Wed Jul 30 04:42:40 AM EDT 2025:::
:::h2o Wed Jul 30 04:42:43 AM EDT 2025:::
:::Apache2 Wed Jul 30 04:42:46 AM EDT 2025:::
:::Lighttpd Wed Jul 30 04:42:49 AM EDT 2025:::
:::h2o Wed Jul 30 04:42:52 AM EDT 2025:::
:::Apache2 Wed Jul 30 04:42:55 AM EDT 2025:::
:::Lighttpd Wed Jul 30 04:42:58 AM EDT 2025:::
:::h2o Wed Jul 30 04:43:01 AM EDT 2025:::
:::Apache2 Wed Jul 30 04:43:05 AM EDT 2025:::
:::Lighttpd Wed Jul 30 04:43:08 AM EDT 2025:::
:::h2o Wed Jul 30 04:43:11 AM EDT 2025:::
:::Apache2 Wed Jul 30 04:43:14 AM EDT 2025:::
:::Lighttpd Wed Jul 30 04:43:17 AM EDT 2025:::
:::h2o Wed Jul 30 04:43:20 AM EDT 2025:::
:::Apache2 Wed Jul 30 04:43:23 AM EDT 2025:::
:::Lighttpd Wed Jul 30 04:43:26 AM EDT 2025:::
:::h2o Wed Jul 30 04:43:29 AM EDT 2025:::
:::Apache2 Wed Jul 30 04:43:32 AM EDT 2025:::
:::Lighttpd Wed Jul 30 04:43:35 AM EDT 2025:::
:::h2o Wed Jul 30 04:43:38 AM EDT 2025:::
:::Apache2 Wed Jul 30 04:43:41 AM EDT 2025:::
:::Lighttpd Wed Jul 30 04:43:44 AM EDT 2025:::
:::h2o Wed Jul 30 04:43:47 AM EDT 2025:::
:::Apache2 Wed Jul 30 04:43:50 AM EDT 2025:::
:::Lighttpd Wed Jul 30 04:43:53 AM EDT 2025:::
:::h2o Wed Jul 30 04:43:56 AM EDT 2025:::
:::Apache2 Wed Jul 30 04:43:59 AM EDT 2025:::
:::Lighttpd Wed Jul 30 04:44:02 AM EDT 2025:::
:::h2o Wed Jul 30 04:44:05 AM EDT 2025:::
:::Apache2 Wed Jul 30 04:44:08 AM EDT 2025:::
:::Lighttpd Wed Jul 30 04:44:11 AM EDT 2025:::
:::h2o Wed Jul 30 04:44:14 AM EDT 2025:::
:::Apache2 Wed Jul 30 04:44:18 AM EDT 2025:::
:::Lighttpd Wed Jul 30 04:44:21 AM EDT 2025:::
:::h2o Wed Jul 30 04:44:24 AM EDT 2025:::
:::Apache2 Wed Jul 30 04:44:27 AM EDT 2025:::
:::Lighttpd Wed Jul 30 04:44:30 AM EDT 2025:::
:::h2o Wed Jul 30 04:44:33 AM EDT 2025:::
:::Apache2 Wed Jul 30 04:44:36 AM EDT 2025:::
:::Lighttpd Wed Jul 30 04:44:39 AM EDT 2025:::
:::h2o Wed Jul 30 04:44:42 AM EDT 2025:::
:::Apache2 Wed Jul 30 04:44:45 AM EDT 2025:::
:::Lighttpd Wed Jul 30 04:44:48 AM EDT 2025:::
:::h2o Wed Jul 30 04:44:51 AM EDT 2025:::
:::Apache2 Wed Jul 30 04:44:54 AM EDT 2025:::
:::Lighttpd Wed Jul 30 04:44:57 AM EDT 2025:::
:::h2o Wed Jul 30 04:45:00 AM EDT 2025:::
:::Apache2 Wed Jul 30 04:45:03 AM EDT 2025:::
:::Lighttpd Wed Jul 30 04:45:06 AM EDT 2025:::
:::h2o Wed Jul 30 04:45:09 AM EDT 2025:::
:::Apache2 Wed Jul 30 04:45:12 AM EDT 2025:::
:::Lighttpd Wed Jul 30 04:45:15 AM EDT 2025:::
:::h2o Wed Jul 30 04:45:18 AM EDT 2025:::
:::Apache2 Wed Jul 30 04:45:21 AM EDT 2025:::
:::Lighttpd Wed Jul 30 04:45:24 AM EDT 2025:::
:::h2o Wed Jul 30 04:45:27 AM EDT 2025:::
:::Apache2 Wed Jul 30 04:45:31 AM EDT 2025:::
:::Lighttpd Wed Jul 30 04:45:34 AM EDT 2025:::
:::h2o Wed Jul 30 04:45:37 AM EDT 2025:::
:::Apache2 Wed Jul 30 04:45:40 AM EDT 2025:::
:::Lighttpd Wed Jul 30 04:45:43 AM EDT 2025:::
:::h2o Wed Jul 30 04:45:46 AM EDT 2025:::
:::Apache2 Wed Jul 30 04:45:49 AM EDT 2025:::
:::Lighttpd Wed Jul 30 04:45:52 AM EDT 2025:::
:::h2o Wed Jul 30 04:45:55 AM EDT 2025:::
:::Apache2 Wed Jul 30 04:45:58 AM EDT 2025:::
:::Lighttpd Wed Jul 30 04:46:01 AM EDT 2025:::
:::h2o Wed Jul 30 04:46:04 AM EDT 2025:::
:::Apache2 Wed Jul 30 04:46:07 AM EDT 2025:::
:::Lighttpd Wed Jul 30 04:46:10 AM EDT 2025:::
:::h2o Wed Jul 30 04:46:13 AM EDT 2025:::
:::Apache2 Wed Jul 30 04:46:16 AM EDT 2025:::
:::Lighttpd Wed Jul 30 04:46:19 AM EDT 2025:::
:::h2o Wed Jul 30 04:46:22 AM EDT 2025:::
:::Apache2 Wed Jul 30 04:46:25 AM EDT 2025:::
:::Lighttpd Wed Jul 30 04:46:28 AM EDT 2025:::
:::h2o Wed Jul 30 04:46:31 AM EDT 2025:::
:::Apache2 Wed Jul 30 04:46:34 AM EDT 2025:::
:::Lighttpd Wed Jul 30 04:46:37 AM EDT 2025:::
:::h2o Wed Jul 30 04:46:41 AM EDT 2025:::
:::Apache2 Wed Jul 30 04:46:44 AM EDT 2025:::
:::Lighttpd Wed Jul 30 04:46:47 AM EDT 2025:::
:::h2o Wed Jul 30 04:46:50 AM EDT 2025:::
:::Apache2 Wed Jul 30 04:46:53 AM EDT 2025:::
:::Lighttpd Wed Jul 30 04:46:56 AM EDT 2025:::
:::h2o Wed Jul 30 04:46:59 AM EDT 2025:::
:::Apache2 Wed Jul 30 04:47:02 AM EDT 2025:::
:::Lighttpd Wed Jul 30 04:47:05 AM EDT 2025:::
:::h2o Wed Jul 30 04:47:08 AM EDT 2025:::
:::Apache2 Wed Jul 30 04:47:11 AM EDT 2025:::
:::Lighttpd Wed Jul 30 04:47:14 AM EDT 2025:::
:::h2o Wed Jul 30 04:47:17 AM EDT 2025:::
:::Apache2 Wed Jul 30 04:47:20 AM EDT 2025:::
:::Lighttpd Wed Jul 30 04:47:23 AM EDT 2025:::
:::h2o Wed Jul 30 04:47:26 AM EDT 2025:::
:::Apache2 Wed Jul 30 04:47:29 AM EDT 2025:::
:::Lighttpd Wed Jul 30 04:47:32 AM EDT 2025:::
:::h2o Wed Jul 30 04:47:35 AM EDT 2025:::
:::Apache2 Wed Jul 30 04:47:38 AM EDT 2025:::
:::Lighttpd Wed Jul 30 04:47:41 AM EDT 2025:::
:::h2o Wed Jul 30 04:47:44 AM EDT 2025:::
:::Apache2 Wed Jul 30 04:47:47 AM EDT 2025:::
:::Lighttpd Wed Jul 30 04:47:50 AM EDT 2025:::
:::h2o Wed Jul 30 04:47:54 AM EDT 2025:::
:::Apache2 Wed Jul 30 04:47:57 AM EDT 2025:::
:::Lighttpd Wed Jul 30 04:48:00 AM EDT 2025:::
:::h2o Wed Jul 30 04:48:03 AM EDT 2025:::
:::Apache2 Wed Jul 30 04:48:06 AM EDT 2025:::
:::Lighttpd Wed Jul 30 04:48:09 AM EDT 2025:::
:::h2o Wed Jul 30 04:48:12 AM EDT 2025:::
:::Apache2 Wed Jul 30 04:48:15 AM EDT 2025:::
:::Lighttpd Wed Jul 30 04:48:18 AM EDT 2025:::
:::h2o Wed Jul 30 04:48:21 AM EDT 2025:::
:::Apache2 Wed Jul 30 04:48:24 AM EDT 2025:::
:::Lighttpd Wed Jul 30 04:48:27 AM EDT 2025:::
:::h2o Wed Jul 30 04:48:30 AM EDT 2025:::
:::Apache2 Wed Jul 30 04:48:33 AM EDT 2025:::
:::Lighttpd Wed Jul 30 04:48:36 AM EDT 2025:::
:::h2o Wed Jul 30 04:48:39 AM EDT 2025:::
:::Apache2 Wed Jul 30 04:48:42 AM EDT 2025:::
:::Lighttpd Wed Jul 30 04:48:45 AM EDT 2025:::
:::h2o Wed Jul 30 04:48:48 AM EDT 2025:::
:::Apache2 Wed Jul 30 04:48:51 AM EDT 2025:::
:::Lighttpd Wed Jul 30 04:48:54 AM EDT 2025:::
:::h2o Wed Jul 30 04:48:57 AM EDT 2025:::
:::Apache2 Wed Jul 30 04:49:00 AM EDT 2025:::
:::Lighttpd Wed Jul 30 04:49:04 AM EDT 2025:::
:::h2o Wed Jul 30 04:49:07 AM EDT 2025:::
:::Apache2 Wed Jul 30 04:49:10 AM EDT 2025:::
:::Lighttpd Wed Jul 30 04:49:13 AM EDT 2025:::
:::h2o Wed Jul 30 04:49:16 AM EDT 2025:::
:::Apache2 Wed Jul 30 04:49:19 AM EDT 2025:::
:::Lighttpd Wed Jul 30 04:49:22 AM EDT 2025:::
:::h2o Wed Jul 30 04:49:25 AM EDT 2025:::
:::Apache2 Wed Jul 30 04:49:28 AM EDT 2025:::
:::Lighttpd Wed Jul 30 04:49:31 AM EDT 2025:::
:::h2o Wed Jul 30 04:49:34 AM EDT 2025:::
:::Apache2 Wed Jul 30 04:49:37 AM EDT 2025:::
:::Lighttpd Wed Jul 30 04:49:40 AM EDT 2025:::
:::h2o Wed Jul 30 04:49:43 AM EDT 2025:::
:::Apache2 Wed Jul 30 04:49:46 AM EDT 2025:::
:::Lighttpd Wed Jul 30 04:49:49 AM EDT 2025:::
:::h2o Wed Jul 30 04:49:52 AM EDT 2025:::
:::Apache2 Wed Jul 30 04:49:55 AM EDT 2025:::
:::Lighttpd Wed Jul 30 04:49:58 AM EDT 2025:::
:::h2o Wed Jul 30 04:50:01 AM EDT 2025:::
:::Apache2 Wed Jul 30 04:50:04 AM EDT 2025:::
:::Lighttpd Wed Jul 30 04:50:07 AM EDT 2025:::
:::h2o Wed Jul 30 04:50:10 AM EDT 2025:::
:::Apache2 Wed Jul 30 04:50:13 AM EDT 2025:::
:::Lighttpd Wed Jul 30 04:50:17 AM EDT 2025:::
:::h2o Wed Jul 30 04:50:20 AM EDT 2025:::
:::Apache2 Wed Jul 30 04:50:23 AM EDT 2025:::
:::Lighttpd Wed Jul 30 04:50:26 AM EDT 2025:::
:::h2o Wed Jul 30 04:50:29 AM EDT 2025:::
:::Apache2 Wed Jul 30 04:50:32 AM EDT 2025:::
:::Lighttpd Wed Jul 30 04:50:35 AM EDT 2025:::
:::h2o Wed Jul 30 04:50:38 AM EDT 2025:::
:::Apache2 Wed Jul 30 04:50:41 AM EDT 2025:::
:::Lighttpd Wed Jul 30 04:50:44 AM EDT 2025:::
:::h2o Wed Jul 30 04:50:47 AM EDT 2025:::
:::Apache2 Wed Jul 30 04:50:50 AM EDT 2025:::
:::Lighttpd Wed Jul 30 04:50:53 AM EDT 2025:::
:::h2o Wed Jul 30 04:50:56 AM EDT 2025:::
:::Apache2 Wed Jul 30 04:50:59 AM EDT 2025:::
:::Lighttpd Wed Jul 30 04:51:02 AM EDT 2025:::
:::h2o Wed Jul 30 04:51:05 AM EDT 2025:::
:::Apache2 Wed Jul 30 04:51:08 AM EDT 2025:::
:::Lighttpd Wed Jul 30 04:51:11 AM EDT 2025:::
:::h2o Wed Jul 30 04:51:14 AM EDT 2025:::
:::Apache2 Wed Jul 30 04:51:17 AM EDT 2025:::
:::Lighttpd Wed Jul 30 04:51:20 AM EDT 2025:::
:::h2o Wed Jul 30 04:51:23 AM EDT 2025:::
:::Apache2 Wed Jul 30 04:51:27 AM EDT 2025:::
:::Lighttpd Wed Jul 30 04:51:30 AM EDT 2025:::
:::h2o Wed Jul 30 04:51:33 AM EDT 2025:::
:::Apache2 Wed Jul 30 04:51:36 AM EDT 2025:::
:::Lighttpd Wed Jul 30 04:51:39 AM EDT 2025:::
:::h2o Wed Jul 30 04:51:42 AM EDT 2025:::
:::Apache2 Wed Jul 30 04:51:45 AM EDT 2025:::
:::Lighttpd Wed Jul 30 04:51:48 AM EDT 2025:::
:::h2o Wed Jul 30 04:51:51 AM EDT 2025:::
:::Apache2 Wed Jul 30 04:51:54 AM EDT 2025:::
:::Lighttpd Wed Jul 30 04:51:57 AM EDT 2025:::
:::h2o Wed Jul 30 04:52:00 AM EDT 2025:::
:::Apache2 Wed Jul 30 04:52:03 AM EDT 2025:::
:::Lighttpd Wed Jul 30 04:52:06 AM EDT 2025:::
:::h2o Wed Jul 30 04:52:09 AM EDT 2025:::
:::Apache2 Wed Jul 30 04:52:12 AM EDT 2025:::
:::Lighttpd Wed Jul 30 04:52:15 AM EDT 2025:::
:::h2o Wed Jul 30 04:52:18 AM EDT 2025:::
:::Apache2 Wed Jul 30 04:52:21 AM EDT 2025:::
:::Lighttpd Wed Jul 30 04:52:24 AM EDT 2025:::
:::h2o Wed Jul 30 04:52:27 AM EDT 2025:::
:::Apache2 Wed Jul 30 04:52:30 AM EDT 2025:::
:::Lighttpd Wed Jul 30 04:52:33 AM EDT 2025:::
:::h2o Wed Jul 30 04:52:37 AM EDT 2025:::
:::Apache2 Wed Jul 30 04:52:40 AM EDT 2025:::
:::Lighttpd Wed Jul 30 04:52:43 AM EDT 2025:::
:::h2o Wed Jul 30 04:52:46 AM EDT 2025:::
:::Apache2 Wed Jul 30 04:52:49 AM EDT 2025:::
:::Lighttpd Wed Jul 30 04:52:52 AM EDT 2025:::
:::h2o Wed Jul 30 04:52:55 AM EDT 2025:::
:::Apache2 Wed Jul 30 04:52:58 AM EDT 2025:::
:::Lighttpd Wed Jul 30 04:53:01 AM EDT 2025:::
:::h2o Wed Jul 30 04:53:04 AM EDT 2025:::
:::Apache2 Wed Jul 30 04:53:07 AM EDT 2025:::
:::Lighttpd Wed Jul 30 04:53:10 AM EDT 2025:::
:::h2o Wed Jul 30 04:53:13 AM EDT 2025:::
:::Apache2 Wed Jul 30 04:53:16 AM EDT 2025:::
:::Lighttpd Wed Jul 30 04:53:19 AM EDT 2025:::
:::h2o Wed Jul 30 04:53:22 AM EDT 2025:::
:::Apache2 Wed Jul 30 04:53:25 AM EDT 2025:::
:::Lighttpd Wed Jul 30 04:53:28 AM EDT 2025:::
:::h2o Wed Jul 30 04:53:31 AM EDT 2025:::
:::Apache2 Wed Jul 30 04:53:34 AM EDT 2025:::
:::Lighttpd Wed Jul 30 04:53:37 AM EDT 2025:::
:::h2o Wed Jul 30 04:53:40 AM EDT 2025:::
:::Apache2 Wed Jul 30 04:53:43 AM EDT 2025:::
:::Lighttpd Wed Jul 30 04:53:47 AM EDT 2025:::
:::h2o Wed Jul 30 04:53:50 AM EDT 2025:::
:::Apache2 Wed Jul 30 04:53:53 AM EDT 2025:::
:::Lighttpd Wed Jul 30 04:53:56 AM EDT 2025:::
:::h2o Wed Jul 30 04:53:59 AM EDT 2025:::
:::Apache2 Wed Jul 30 04:54:02 AM EDT 2025:::
:::Lighttpd Wed Jul 30 04:54:05 AM EDT 2025:::
:::h2o Wed Jul 30 04:54:08 AM EDT 2025:::
:::Apache2 Wed Jul 30 04:54:11 AM EDT 2025:::
:::Lighttpd Wed Jul 30 04:54:14 AM EDT 2025:::
:::h2o Wed Jul 30 04:54:17 AM EDT 2025:::
:::Apache2 Wed Jul 30 04:54:20 AM EDT 2025:::
:::Lighttpd Wed Jul 30 04:54:23 AM EDT 2025:::
:::h2o Wed Jul 30 04:54:26 AM EDT 2025:::
:::Apache2 Wed Jul 30 04:54:29 AM EDT 2025:::
:::Lighttpd Wed Jul 30 04:54:32 AM EDT 2025:::
:::h2o Wed Jul 30 04:54:35 AM EDT 2025:::
:::Apache2 Wed Jul 30 04:54:38 AM EDT 2025:::
:::Lighttpd Wed Jul 30 04:54:41 AM EDT 2025:::
:::h2o Wed Jul 30 04:54:44 AM EDT 2025:::
:::Apache2 Wed Jul 30 04:54:47 AM EDT 2025:::
:::Lighttpd Wed Jul 30 04:54:50 AM EDT 2025:::
:::h2o Wed Jul 30 04:54:53 AM EDT 2025:::
:::Apache2 Wed Jul 30 04:54:56 AM EDT 2025:::
:::Lighttpd Wed Jul 30 04:55:00 AM EDT 2025:::
:::h2o Wed Jul 30 04:55:03 AM EDT 2025:::
:::Apache2 Wed Jul 30 04:55:06 AM EDT 2025:::
:::Lighttpd Wed Jul 30 04:55:09 AM EDT 2025:::
:::h2o Wed Jul 30 04:55:12 AM EDT 2025:::
:::Apache2 Wed Jul 30 04:55:15 AM EDT 2025:::
:::Lighttpd Wed Jul 30 04:55:18 AM EDT 2025:::
:::h2o Wed Jul 30 04:55:21 AM EDT 2025:::
:::Apache2 Wed Jul 30 04:55:24 AM EDT 2025:::
:::Lighttpd Wed Jul 30 04:55:27 AM EDT 2025:::
:::h2o Wed Jul 30 04:55:30 AM EDT 2025:::
:::Apache2 Wed Jul 30 04:55:33 AM EDT 2025:::
:::Lighttpd Wed Jul 30 04:55:36 AM EDT 2025:::
:::h2o Wed Jul 30 04:55:39 AM EDT 2025:::
:::Apache2 Wed Jul 30 04:55:42 AM EDT 2025:::
:::Lighttpd Wed Jul 30 04:55:45 AM EDT 2025:::
:::h2o Wed Jul 30 04:55:48 AM EDT 2025:::
:::Apache2 Wed Jul 30 04:55:51 AM EDT 2025:::
:::Lighttpd Wed Jul 30 04:55:54 AM EDT 2025:::
:::h2o Wed Jul 30 04:55:57 AM EDT 2025:::
:::Apache2 Wed Jul 30 04:56:00 AM EDT 2025:::
:::Lighttpd Wed Jul 30 04:56:03 AM EDT 2025:::
:::h2o Wed Jul 30 04:56:06 AM EDT 2025:::
:::Apache2 Wed Jul 30 04:56:09 AM EDT 2025:::
:::Lighttpd Wed Jul 30 04:56:13 AM EDT 2025:::
:::h2o Wed Jul 30 04:56:16 AM EDT 2025:::
:::Apache2 Wed Jul 30 04:56:19 AM EDT 2025:::
:::Lighttpd Wed Jul 30 04:56:22 AM EDT 2025:::
:::h2o Wed Jul 30 04:56:25 AM EDT 2025:::
:::Apache2 Wed Jul 30 04:56:28 AM EDT 2025:::
:::Lighttpd Wed Jul 30 04:56:31 AM EDT 2025:::
:::h2o Wed Jul 30 04:56:34 AM EDT 2025:::
:::Apache2 Wed Jul 30 04:56:37 AM EDT 2025:::
:::Lighttpd Wed Jul 30 04:56:40 AM EDT 2025:::
:::h2o Wed Jul 30 04:56:43 AM EDT 2025:::
:::Apache2 Wed Jul 30 04:56:46 AM EDT 2025:::
:::Lighttpd Wed Jul 30 04:56:49 AM EDT 2025:::
:::h2o Wed Jul 30 04:56:52 AM EDT 2025:::
:::Apache2 Wed Jul 30 04:56:55 AM EDT 2025:::
:::Lighttpd Wed Jul 30 04:56:58 AM EDT 2025:::
:::h2o Wed Jul 30 04:57:01 AM EDT 2025:::
:::Apache2 Wed Jul 30 04:57:04 AM EDT 2025:::
:::Lighttpd Wed Jul 30 04:57:07 AM EDT 2025:::
:::h2o Wed Jul 30 04:57:10 AM EDT 2025:::
:::Apache2 Wed Jul 30 04:57:13 AM EDT 2025:::
:::Lighttpd Wed Jul 30 04:57:16 AM EDT 2025:::
:::h2o Wed Jul 30 04:57:19 AM EDT 2025:::
:::Apache2 Wed Jul 30 04:57:23 AM EDT 2025:::
:::Lighttpd Wed Jul 30 04:57:26 AM EDT 2025:::
:::h2o Wed Jul 30 04:57:29 AM EDT 2025:::
:::Apache2 Wed Jul 30 04:57:32 AM EDT 2025:::
:::Lighttpd Wed Jul 30 04:57:35 AM EDT 2025:::
:::h2o Wed Jul 30 04:57:38 AM EDT 2025:::
:::Apache2 Wed Jul 30 04:57:41 AM EDT 2025:::
:::Lighttpd Wed Jul 30 04:57:44 AM EDT 2025:::
:::h2o Wed Jul 30 04:57:47 AM EDT 2025:::
:::Apache2 Wed Jul 30 04:57:50 AM EDT 2025:::
:::Lighttpd Wed Jul 30 04:57:53 AM EDT 2025:::
:::h2o Wed Jul 30 04:57:56 AM EDT 2025:::
:::Apache2 Wed Jul 30 04:57:59 AM EDT 2025:::
:::Lighttpd Wed Jul 30 04:58:02 AM EDT 2025:::
:::h2o Wed Jul 30 04:58:05 AM EDT 2025:::
:::Apache2 Wed Jul 30 04:58:08 AM EDT 2025:::
:::Lighttpd Wed Jul 30 04:58:11 AM EDT 2025:::
:::h2o Wed Jul 30 04:58:14 AM EDT 2025:::
:::Apache2 Wed Jul 30 04:58:17 AM EDT 2025:::
:::Lighttpd Wed Jul 30 04:58:20 AM EDT 2025:::
:::h2o Wed Jul 30 04:58:23 AM EDT 2025:::
:::Apache2 Wed Jul 30 04:58:26 AM EDT 2025:::
:::Lighttpd Wed Jul 30 04:58:29 AM EDT 2025:::
:::h2o Wed Jul 30 04:58:32 AM EDT 2025:::
:::Apache2 Wed Jul 30 04:58:36 AM EDT 2025:::
:::Lighttpd Wed Jul 30 04:58:39 AM EDT 2025:::
:::h2o Wed Jul 30 04:58:42 AM EDT 2025:::
:::Apache2 Wed Jul 30 04:58:45 AM EDT 2025:::
:::Lighttpd Wed Jul 30 04:58:48 AM EDT 2025:::
:::h2o Wed Jul 30 04:58:51 AM EDT 2025:::
:::Apache2 Wed Jul 30 04:58:54 AM EDT 2025:::
:::Lighttpd Wed Jul 30 04:58:57 AM EDT 2025:::
:::h2o Wed Jul 30 04:59:00 AM EDT 2025:::
:::Apache2 Wed Jul 30 04:59:03 AM EDT 2025:::
:::Lighttpd Wed Jul 30 04:59:06 AM EDT 2025:::
:::h2o Wed Jul 30 04:59:09 AM EDT 2025:::
:::Apache2 Wed Jul 30 04:59:12 AM EDT 2025:::
:::Lighttpd Wed Jul 30 04:59:15 AM EDT 2025:::
:::h2o Wed Jul 30 04:59:18 AM EDT 2025:::
:::Apache2 Wed Jul 30 04:59:21 AM EDT 2025:::
:::Lighttpd Wed Jul 30 04:59:24 AM EDT 2025:::
:::h2o Wed Jul 30 04:59:27 AM EDT 2025:::
:::Apache2 Wed Jul 30 04:59:30 AM EDT 2025:::
:::Lighttpd Wed Jul 30 04:59:33 AM EDT 2025:::
:::h2o Wed Jul 30 04:59:36 AM EDT 2025:::
:::Apache2 Wed Jul 30 04:59:39 AM EDT 2025:::
:::Lighttpd Wed Jul 30 04:59:42 AM EDT 2025:::
:::h2o Wed Jul 30 04:59:45 AM EDT 2025:::
:::Apache2 Wed Jul 30 04:59:49 AM EDT 2025:::
:::Lighttpd Wed Jul 30 04:59:52 AM EDT 2025:::
:::h2o Wed Jul 30 04:59:55 AM EDT 2025:::
:::Apache2 Wed Jul 30 04:59:58 AM EDT 2025:::
:::Lighttpd Wed Jul 30 05:00:01 AM EDT 2025:::
